{"/Users/matthew/Desktop/Feb26/ora-ai/src/components/EnvelopeCard.tsx": {"path":"/Users/matthew/Desktop/Feb26/ora-ai/src/components/EnvelopeCard.tsx","statementMap":{"0":{"start":{"line":26,"column":57},"end":{"line":200,"column":1}},"1":{"start":{"line":31,"column":20},"end":{"line":31,"column":57}},"2":{"start":{"line":32,"column":19},"end":{"line":32,"column":56}},"3":{"start":{"line":33,"column":19},"end":{"line":33,"column":56}},"4":{"start":{"line":34,"column":22},"end":{"line":34,"column":35}},"5":{"start":{"line":36,"column":19},"end":{"line":36,"column":44}},"6":{"start":{"line":39,"column":25},"end":{"line":50,"column":3}},"7":{"start":{"line":40,"column":4},"end":{"line":49,"column":5}},"8":{"start":{"line":42,"column":8},"end":{"line":42,"column":36}},"9":{"start":{"line":44,"column":8},"end":{"line":44,"column":38}},"10":{"start":{"line":46,"column":8},"end":{"line":46,"column":35}},"11":{"start":{"line":48,"column":8},"end":{"line":48,"column":36}},"12":{"start":{"line":53,"column":26},"end":{"line":66,"column":3}},"13":{"start":{"line":54,"column":16},"end":{"line":54,"column":26}},"14":{"start":{"line":55,"column":19},"end":{"line":55,"column":49}},"15":{"start":{"line":56,"column":21},"end":{"line":56,"column":47}},"16":{"start":{"line":57,"column":22},"end":{"line":57,"column":50}},"17":{"start":{"line":58,"column":21},"end":{"line":58,"column":50}},"18":{"start":{"line":60,"column":4},"end":{"line":60,"column":40}},"19":{"start":{"line":60,"column":22},"end":{"line":60,"column":40}},"20":{"start":{"line":61,"column":4},"end":{"line":61,"column":49}},"21":{"start":{"line":61,"column":23},"end":{"line":61,"column":49}},"22":{"start":{"line":62,"column":4},"end":{"line":62,"column":51}},"23":{"start":{"line":62,"column":24},"end":{"line":62,"column":51}},"24":{"start":{"line":63,"column":4},"end":{"line":63,"column":43}},"25":{"start":{"line":63,"column":24},"end":{"line":63,"column":43}},"26":{"start":{"line":64,"column":4},"end":{"line":64,"column":48}},"27":{"start":{"line":64,"column":22},"end":{"line":64,"column":48}},"28":{"start":{"line":65,"column":4},"end":{"line":65,"column":80}},"29":{"start":{"line":69,"column":24},"end":{"line":80,"column":3}},"30":{"start":{"line":70,"column":4},"end":{"line":72,"column":5}},"31":{"start":{"line":71,"column":6},"end":{"line":71,"column":36}},"32":{"start":{"line":73,"column":4},"end":{"line":75,"column":5}},"33":{"start":{"line":74,"column":6},"end":{"line":74,"column":19}},"34":{"start":{"line":76,"column":4},"end":{"line":78,"column":5}},"35":{"start":{"line":77,"column":6},"end":{"line":77,"column":19}},"36":{"start":{"line":79,"column":4},"end":{"line":79,"column":21}},"37":{"start":{"line":83,"column":22},"end":{"line":120,"column":3}},"38":{"start":{"line":84,"column":4},"end":{"line":84,"column":36}},"39":{"start":{"line":84,"column":29},"end":{"line":84,"column":36}},"40":{"start":{"line":86,"column":4},"end":{"line":86,"column":31}},"41":{"start":{"line":89,"column":4},"end":{"line":119,"column":7}},"42":{"start":{"line":116,"column":6},"end":{"line":116,"column":34}},"43":{"start":{"line":117,"column":6},"end":{"line":117,"column":30}},"44":{"start":{"line":118,"column":6},"end":{"line":118,"column":16}},"45":{"start":{"line":123,"column":26},"end":{"line":126,"column":4}},"46":{"start":{"line":128,"column":18},"end":{"line":128,"column":65}},"47":{"start":{"line":130,"column":2},"end":{"line":199,"column":4}},"48":{"start":{"line":202,"column":15},"end":{"line":272,"column":2}}},"fnMap":{"0":{"name":"(anonymous_0)","decl":{"start":{"line":26,"column":57},"end":{"line":26,"column":58}},"loc":{"start":{"line":30,"column":6},"end":{"line":200,"column":1}},"line":30},"1":{"name":"(anonymous_1)","decl":{"start":{"line":39,"column":25},"end":{"line":39,"column":26}},"loc":{"start":{"line":39,"column":31},"end":{"line":50,"column":3}},"line":39},"2":{"name":"(anonymous_2)","decl":{"start":{"line":53,"column":26},"end":{"line":53,"column":27}},"loc":{"start":{"line":53,"column":42},"end":{"line":66,"column":3}},"line":53},"3":{"name":"(anonymous_3)","decl":{"start":{"line":69,"column":24},"end":{"line":69,"column":25}},"loc":{"start":{"line":69,"column":30},"end":{"line":80,"column":3}},"line":69},"4":{"name":"(anonymous_4)","decl":{"start":{"line":83,"column":22},"end":{"line":83,"column":23}},"loc":{"start":{"line":83,"column":28},"end":{"line":120,"column":3}},"line":83},"5":{"name":"(anonymous_5)","decl":{"start":{"line":114,"column":13},"end":{"line":114,"column":14}},"loc":{"start":{"line":114,"column":19},"end":{"line":119,"column":5}},"line":114}},"branchMap":{"0":{"loc":{"start":{"line":40,"column":4},"end":{"line":49,"column":5}},"type":"switch","locations":[{"start":{"line":41,"column":6},"end":{"line":42,"column":36}},{"start":{"line":43,"column":6},"end":{"line":44,"column":38}},{"start":{"line":45,"column":6},"end":{"line":46,"column":35}},{"start":{"line":47,"column":6},"end":{"line":48,"column":36}}],"line":40},"1":{"loc":{"start":{"line":60,"column":4},"end":{"line":60,"column":40}},"type":"if","locations":[{"start":{"line":60,"column":4},"end":{"line":60,"column":40}},{"start":{},"end":{}}],"line":60},"2":{"loc":{"start":{"line":61,"column":4},"end":{"line":61,"column":49}},"type":"if","locations":[{"start":{"line":61,"column":4},"end":{"line":61,"column":49}},{"start":{},"end":{}}],"line":61},"3":{"loc":{"start":{"line":62,"column":4},"end":{"line":62,"column":51}},"type":"if","locations":[{"start":{"line":62,"column":4},"end":{"line":62,"column":51}},{"start":{},"end":{}}],"line":62},"4":{"loc":{"start":{"line":63,"column":4},"end":{"line":63,"column":43}},"type":"if","locations":[{"start":{"line":63,"column":4},"end":{"line":63,"column":43}},{"start":{},"end":{}}],"line":63},"5":{"loc":{"start":{"line":64,"column":4},"end":{"line":64,"column":48}},"type":"if","locations":[{"start":{"line":64,"column":4},"end":{"line":64,"column":48}},{"start":{},"end":{}}],"line":64},"6":{"loc":{"start":{"line":70,"column":4},"end":{"line":72,"column":5}},"type":"if","locations":[{"start":{"line":70,"column":4},"end":{"line":72,"column":5}},{"start":{},"end":{}}],"line":70},"7":{"loc":{"start":{"line":70,"column":8},"end":{"line":70,"column":51}},"type":"binary-expr","locations":[{"start":{"line":70,"column":8},"end":{"line":70,"column":31}},{"start":{"line":70,"column":35},"end":{"line":70,"column":51}}],"line":70},"8":{"loc":{"start":{"line":73,"column":4},"end":{"line":75,"column":5}},"type":"if","locations":[{"start":{"line":73,"column":4},"end":{"line":75,"column":5}},{"start":{},"end":{}}],"line":73},"9":{"loc":{"start":{"line":76,"column":4},"end":{"line":78,"column":5}},"type":"if","locations":[{"start":{"line":76,"column":4},"end":{"line":78,"column":5}},{"start":{},"end":{}}],"line":76},"10":{"loc":{"start":{"line":84,"column":4},"end":{"line":84,"column":36}},"type":"if","locations":[{"start":{"line":84,"column":4},"end":{"line":84,"column":36}},{"start":{},"end":{}}],"line":84},"11":{"loc":{"start":{"line":128,"column":18},"end":{"line":128,"column":65}},"type":"binary-expr","locations":[{"start":{"line":128,"column":18},"end":{"line":128,"column":32}},{"start":{"line":128,"column":36},"end":{"line":128,"column":65}}],"line":128},"12":{"loc":{"start":{"line":148,"column":31},"end":{"line":148,"column":68}},"type":"cond-expr","locations":[{"start":{"line":148,"column":42},"end":{"line":148,"column":57}},{"start":{"line":148,"column":60},"end":{"line":148,"column":68}}],"line":148},"13":{"loc":{"start":{"line":165,"column":19},"end":{"line":165,"column":41}},"type":"cond-expr","locations":[{"start":{"line":165,"column":30},"end":{"line":165,"column":34}},{"start":{"line":165,"column":37},"end":{"line":165,"column":41}}],"line":165},"14":{"loc":{"start":{"line":170,"column":15},"end":{"line":170,"column":62}},"type":"binary-expr","locations":[{"start":{"line":170,"column":15},"end":{"line":170,"column":23}},{"start":{"line":170,"column":27},"end":{"line":170,"column":62}}],"line":170},"15":{"loc":{"start":{"line":175,"column":36},"end":{"line":175,"column":66}},"type":"binary-expr","locations":[{"start":{"line":175,"column":36},"end":{"line":175,"column":44}},{"start":{"line":175,"column":48},"end":{"line":175,"column":66}}],"line":175},"16":{"loc":{"start":{"line":179,"column":15},"end":{"line":179,"column":47}},"type":"binary-expr","locations":[{"start":{"line":179,"column":15},"end":{"line":179,"column":29}},{"start":{"line":179,"column":33},"end":{"line":179,"column":47}}],"line":179}},"s":{"0":0,"1":0,"2":0,"3":0,"4":0,"5":0,"6":0,"7":0,"8":0,"9":0,"10":0,"11":0,"12":0,"13":0,"14":0,"15":0,"16":0,"17":0,"18":0,"19":0,"20":0,"21":0,"22":0,"23":0,"24":0,"25":0,"26":0,"27":0,"28":0,"29":0,"30":0,"31":0,"32":0,"33":0,"34":0,"35":0,"36":0,"37":0,"38":0,"39":0,"40":0,"41":0,"42":0,"43":0,"44":0,"45":0,"46":0,"47":0,"48":0},"f":{"0":0,"1":0,"2":0,"3":0,"4":0,"5":0},"b":{"0":[0,0,0,0],"1":[0,0],"2":[0,0],"3":[0,0],"4":[0,0],"5":[0,0],"6":[0,0],"7":[0,0],"8":[0,0],"9":[0,0],"10":[0,0],"11":[0,0],"12":[0,0],"13":[0,0],"14":[0,0],"15":[0,0],"16":[0,0]}}
,"/Users/matthew/Desktop/Feb26/ora-ai/src/components/SkeletonCard.tsx": {"path":"/Users/matthew/Desktop/Feb26/ora-ai/src/components/SkeletonCard.tsx","statementMap":{"0":{"start":{"line":4,"column":38},"end":{"line":42,"column":1}},"1":{"start":{"line":5,"column":22},"end":{"line":5,"column":59}},"2":{"start":{"line":7,"column":2},"end":{"line":25,"column":20}},"3":{"start":{"line":8,"column":20},"end":{"line":21,"column":5}},"4":{"start":{"line":22,"column":4},"end":{"line":22,"column":20}},"5":{"start":{"line":24,"column":4},"end":{"line":24,"column":32}},"6":{"start":{"line":24,"column":17},"end":{"line":24,"column":31}},"7":{"start":{"line":27,"column":18},"end":{"line":30,"column":4}},"8":{"start":{"line":32,"column":2},"end":{"line":41,"column":4}},"9":{"start":{"line":44,"column":15},"end":{"line":90,"column":2}}},"fnMap":{"0":{"name":"(anonymous_0)","decl":{"start":{"line":4,"column":38},"end":{"line":4,"column":39}},"loc":{"start":{"line":4,"column":44},"end":{"line":42,"column":1}},"line":4},"1":{"name":"(anonymous_1)","decl":{"start":{"line":7,"column":12},"end":{"line":7,"column":13}},"loc":{"start":{"line":7,"column":18},"end":{"line":25,"column":3}},"line":7},"2":{"name":"(anonymous_2)","decl":{"start":{"line":24,"column":11},"end":{"line":24,"column":12}},"loc":{"start":{"line":24,"column":17},"end":{"line":24,"column":31}},"line":24}},"branchMap":{},"s":{"0":0,"1":0,"2":0,"3":0,"4":0,"5":0,"6":0,"7":0,"8":0,"9":0},"f":{"0":0,"1":0,"2":0},"b":{}}
,"/Users/matthew/Desktop/Feb26/ora-ai/src/components/auth/AuthLink.tsx": {"path":"/Users/matthew/Desktop/Feb26/ora-ai/src/components/auth/AuthLink.tsx","statementMap":{"0":{"start":{"line":10,"column":49},"end":{"line":16,"column":1}},"1":{"start":{"line":11,"column":2},"end":{"line":15,"column":4}},"2":{"start":{"line":18,"column":15},"end":{"line":25,"column":2}}},"fnMap":{"0":{"name":"(anonymous_0)","decl":{"start":{"line":10,"column":49},"end":{"line":10,"column":50}},"loc":{"start":{"line":10,"column":72},"end":{"line":16,"column":1}},"line":10}},"branchMap":{},"s":{"0":0,"1":0,"2":0},"f":{"0":0},"b":{}}
,"/Users/matthew/Desktop/Feb26/ora-ai/src/components/auth/FormInput.tsx": {"path":"/Users/matthew/Desktop/Feb26/ora-ai/src/components/auth/FormInput.tsx","statementMap":{"0":{"start":{"line":21,"column":51},"end":{"line":72,"column":1}},"1":{"start":{"line":30,"column":52},"end":{"line":30,"column":67}},"2":{"start":{"line":31,"column":36},"end":{"line":31,"column":51}},"3":{"start":{"line":33,"column":35},"end":{"line":35,"column":3}},"4":{"start":{"line":34,"column":4},"end":{"line":34,"column":45}},"5":{"start":{"line":37,"column":2},"end":{"line":71,"column":4}},"6":{"start":{"line":53,"column":25},"end":{"line":53,"column":43}},"7":{"start":{"line":54,"column":24},"end":{"line":54,"column":43}},"8":{"start":{"line":74,"column":15},"end":{"line":122,"column":2}}},"fnMap":{"0":{"name":"(anonymous_0)","decl":{"start":{"line":21,"column":51},"end":{"line":21,"column":52}},"loc":{"start":{"line":29,"column":6},"end":{"line":72,"column":1}},"line":29},"1":{"name":"(anonymous_1)","decl":{"start":{"line":33,"column":35},"end":{"line":33,"column":36}},"loc":{"start":{"line":33,"column":41},"end":{"line":35,"column":3}},"line":33},"2":{"name":"(anonymous_2)","decl":{"start":{"line":53,"column":19},"end":{"line":53,"column":20}},"loc":{"start":{"line":53,"column":25},"end":{"line":53,"column":43}},"line":53},"3":{"name":"(anonymous_3)","decl":{"start":{"line":54,"column":18},"end":{"line":54,"column":19}},"loc":{"start":{"line":54,"column":24},"end":{"line":54,"column":43}},"line":54}},"branchMap":{"0":{"loc":{"start":{"line":26,"column":2},"end":{"line":26,"column":20}},"type":"default-arg","locations":[{"start":{"line":26,"column":15},"end":{"line":26,"column":20}}],"line":26},"1":{"loc":{"start":{"line":27,"column":2},"end":{"line":27,"column":28}},"type":"default-arg","locations":[{"start":{"line":27,"column":23},"end":{"line":27,"column":28}}],"line":27},"2":{"loc":{"start":{"line":43,"column":10},"end":{"line":43,"column":51}},"type":"binary-expr","locations":[{"start":{"line":43,"column":10},"end":{"line":43,"column":19}},{"start":{"line":43,"column":23},"end":{"line":43,"column":51}}],"line":43},"3":{"loc":{"start":{"line":44,"column":10},"end":{"line":44,"column":45}},"type":"binary-expr","locations":[{"start":{"line":44,"column":10},"end":{"line":44,"column":15}},{"start":{"line":44,"column":19},"end":{"line":44,"column":45}}],"line":44},"4":{"loc":{"start":{"line":51,"column":27},"end":{"line":51,"column":59}},"type":"binary-expr","locations":[{"start":{"line":51,"column":27},"end":{"line":51,"column":37}},{"start":{"line":51,"column":41},"end":{"line":51,"column":59}}],"line":51},"5":{"loc":{"start":{"line":57,"column":9},"end":{"line":67,"column":9}},"type":"binary-expr","locations":[{"start":{"line":57,"column":9},"end":{"line":57,"column":27}},{"start":{"line":58,"column":10},"end":{"line":66,"column":29}}],"line":57},"6":{"loc":{"start":{"line":62,"column":14},"end":{"line":62,"column":67}},"type":"cond-expr","locations":[{"start":{"line":62,"column":34},"end":{"line":62,"column":49}},{"start":{"line":62,"column":52},"end":{"line":62,"column":67}}],"line":62},"7":{"loc":{"start":{"line":65,"column":42},"end":{"line":65,"column":79}},"type":"cond-expr","locations":[{"start":{"line":65,"column":62},"end":{"line":65,"column":67}},{"start":{"line":65,"column":70},"end":{"line":65,"column":79}}],"line":65},"8":{"loc":{"start":{"line":69,"column":7},"end":{"line":69,"column":67}},"type":"cond-expr","locations":[{"start":{"line":69,"column":15},"end":{"line":69,"column":60}},{"start":{"line":69,"column":63},"end":{"line":69,"column":67}}],"line":69}},"s":{"0":0,"1":0,"2":0,"3":0,"4":0,"5":0,"6":0,"7":0,"8":0},"f":{"0":0,"1":0,"2":0,"3":0},"b":{"0":[0],"1":[0],"2":[0,0],"3":[0,0],"4":[0,0],"5":[0,0],"6":[0,0],"7":[0,0],"8":[0,0]}}
,"/Users/matthew/Desktop/Feb26/ora-ai/src/components/auth/PrimaryButton.tsx": {"path":"/Users/matthew/Desktop/Feb26/ora-ai/src/components/auth/PrimaryButton.tsx","statementMap":{"0":{"start":{"line":18,"column":59},"end":{"line":58,"column":1}},"1":{"start":{"line":26,"column":20},"end":{"line":26,"column":41}},"2":{"start":{"line":27,"column":21},"end":{"line":27,"column":42}},"3":{"start":{"line":29,"column":2},"end":{"line":57,"column":4}},"4":{"start":{"line":60,"column":15},"end":{"line":89,"column":2}}},"fnMap":{"0":{"name":"(anonymous_0)","decl":{"start":{"line":18,"column":59},"end":{"line":18,"column":60}},"loc":{"start":{"line":25,"column":6},"end":{"line":58,"column":1}},"line":25}},"branchMap":{"0":{"loc":{"start":{"line":21,"column":2},"end":{"line":21,"column":19}},"type":"default-arg","locations":[{"start":{"line":21,"column":14},"end":{"line":21,"column":19}}],"line":21},"1":{"loc":{"start":{"line":22,"column":2},"end":{"line":22,"column":21}},"type":"default-arg","locations":[{"start":{"line":22,"column":12},"end":{"line":22,"column":21}}],"line":22},"2":{"loc":{"start":{"line":27,"column":21},"end":{"line":27,"column":42}},"type":"binary-expr","locations":[{"start":{"line":27,"column":21},"end":{"line":27,"column":29}},{"start":{"line":27,"column":33},"end":{"line":27,"column":42}}],"line":27},"3":{"loc":{"start":{"line":33,"column":8},"end":{"line":33,"column":65}},"type":"cond-expr","locations":[{"start":{"line":33,"column":20},"end":{"line":33,"column":40}},{"start":{"line":33,"column":43},"end":{"line":33,"column":65}}],"line":33},"4":{"loc":{"start":{"line":34,"column":8},"end":{"line":34,"column":43}},"type":"binary-expr","locations":[{"start":{"line":34,"column":8},"end":{"line":34,"column":18}},{"start":{"line":34,"column":22},"end":{"line":34,"column":43}}],"line":34},"5":{"loc":{"start":{"line":41,"column":7},"end":{"line":55,"column":7}},"type":"cond-expr","locations":[{"start":{"line":42,"column":8},"end":{"line":45,"column":10}},{"start":{"line":47,"column":8},"end":{"line":54,"column":15}}],"line":41},"6":{"loc":{"start":{"line":44,"column":17},"end":{"line":44,"column":70}},"type":"cond-expr","locations":[{"start":{"line":44,"column":29},"end":{"line":44,"column":47}},{"start":{"line":44,"column":50},"end":{"line":44,"column":70}}],"line":44},"7":{"loc":{"start":{"line":50,"column":12},"end":{"line":50,"column":77}},"type":"cond-expr","locations":[{"start":{"line":50,"column":24},"end":{"line":50,"column":48}},{"start":{"line":50,"column":51},"end":{"line":50,"column":77}}],"line":50}},"s":{"0":0,"1":0,"2":0,"3":0,"4":0},"f":{"0":0},"b":{"0":[0],"1":[0],"2":[0,0],"3":[0,0],"4":[0,0],"5":[0,0],"6":[0,0],"7":[0,0]}}
,"/Users/matthew/Desktop/Feb26/ora-ai/src/components/breathing/BreathingExercise.tsx": {"path":"/Users/matthew/Desktop/Feb26/ora-ai/src/components/breathing/BreathingExercise.tsx","statementMap":{"0":{"start":{"line":28,"column":67},"end":{"line":239,"column":1}},"1":{"start":{"line":33,"column":34},"end":{"line":33,"column":49}},"2":{"start":{"line":34,"column":42},"end":{"line":34,"column":53}},"3":{"start":{"line":35,"column":28},"end":{"line":35,"column":86}},"4":{"start":{"line":36,"column":36},"end":{"line":36,"column":47}},"5":{"start":{"line":38,"column":20},"end":{"line":38,"column":59}},"6":{"start":{"line":39,"column":22},"end":{"line":39,"column":61}},"7":{"start":{"line":42,"column":19},"end":{"line":46,"column":3}},"8":{"start":{"line":48,"column":25},"end":{"line":48,"column":42}},"9":{"start":{"line":50,"column":2},"end":{"line":98,"column":39}},"10":{"start":{"line":51,"column":4},"end":{"line":51,"column":26}},"11":{"start":{"line":51,"column":19},"end":{"line":51,"column":26}},"12":{"start":{"line":53,"column":62},"end":{"line":55,"column":43}},"13":{"start":{"line":54,"column":13},"end":{"line":54,"column":65}},"14":{"start":{"line":57,"column":21},"end":{"line":57,"column":22}},"15":{"start":{"line":58,"column":23},"end":{"line":58,"column":48}},"16":{"start":{"line":59,"column":22},"end":{"line":59,"column":50}},"17":{"start":{"line":61,"column":4},"end":{"line":61,"column":27}},"18":{"start":{"line":62,"column":4},"end":{"line":62,"column":30}},"19":{"start":{"line":65,"column":4},"end":{"line":65,"column":61}},"20":{"start":{"line":67,"column":21},"end":{"line":95,"column":12}},"21":{"start":{"line":68,"column":6},"end":{"line":68,"column":20}},"22":{"start":{"line":69,"column":6},"end":{"line":69,"column":32}},"23":{"start":{"line":71,"column":6},"end":{"line":94,"column":7}},"24":{"start":{"line":72,"column":8},"end":{"line":72,"column":21}},"25":{"start":{"line":74,"column":8},"end":{"line":87,"column":9}},"26":{"start":{"line":76,"column":28},"end":{"line":76,"column":44}},"27":{"start":{"line":77,"column":10},"end":{"line":77,"column":37}},"28":{"start":{"line":79,"column":10},"end":{"line":84,"column":11}},"29":{"start":{"line":81,"column":12},"end":{"line":81,"column":31}},"30":{"start":{"line":82,"column":12},"end":{"line":82,"column":27}},"31":{"start":{"line":83,"column":12},"end":{"line":83,"column":19}},"32":{"start":{"line":86,"column":10},"end":{"line":86,"column":25}},"33":{"start":{"line":89,"column":8},"end":{"line":89,"column":49}},"34":{"start":{"line":90,"column":8},"end":{"line":90,"column":51}},"35":{"start":{"line":91,"column":8},"end":{"line":91,"column":31}},"36":{"start":{"line":92,"column":8},"end":{"line":92,"column":34}},"37":{"start":{"line":93,"column":8},"end":{"line":93,"column":65}},"38":{"start":{"line":97,"column":4},"end":{"line":97,"column":41}},"39":{"start":{"line":97,"column":17},"end":{"line":97,"column":40}},"40":{"start":{"line":100,"column":23},"end":{"line":142,"column":3}},"41":{"start":{"line":101,"column":23},"end":{"line":101,"column":38}},"42":{"start":{"line":103,"column":4},"end":{"line":141,"column":5}},"43":{"start":{"line":105,"column":8},"end":{"line":116,"column":19}},"44":{"start":{"line":117,"column":8},"end":{"line":117,"column":14}},"45":{"start":{"line":121,"column":8},"end":{"line":121,"column":14}},"46":{"start":{"line":124,"column":8},"end":{"line":135,"column":19}},"47":{"start":{"line":136,"column":8},"end":{"line":136,"column":14}},"48":{"start":{"line":140,"column":8},"end":{"line":140,"column":14}},"49":{"start":{"line":144,"column":22},"end":{"line":147,"column":3}},"50":{"start":{"line":145,"column":4},"end":{"line":145,"column":22}},"51":{"start":{"line":146,"column":4},"end":{"line":146,"column":23}},"52":{"start":{"line":149,"column":21},"end":{"line":154,"column":3}},"53":{"start":{"line":150,"column":4},"end":{"line":150,"column":23}},"54":{"start":{"line":151,"column":4},"end":{"line":151,"column":23}},"55":{"start":{"line":152,"column":4},"end":{"line":152,"column":28}},"56":{"start":{"line":153,"column":4},"end":{"line":153,"column":30}},"57":{"start":{"line":156,"column":23},"end":{"line":167,"column":3}},"58":{"start":{"line":157,"column":4},"end":{"line":166,"column":5}},"59":{"start":{"line":159,"column":8},"end":{"line":159,"column":28}},"60":{"start":{"line":161,"column":8},"end":{"line":161,"column":22}},"61":{"start":{"line":163,"column":8},"end":{"line":163,"column":29}},"62":{"start":{"line":165,"column":8},"end":{"line":165,"column":23}},"63":{"start":{"line":169,"column":24},"end":{"line":180,"column":3}},"64":{"start":{"line":170,"column":4},"end":{"line":179,"column":5}},"65":{"start":{"line":172,"column":8},"end":{"line":172,"column":36}},"66":{"start":{"line":174,"column":8},"end":{"line":174,"column":38}},"67":{"start":{"line":176,"column":8},"end":{"line":176,"column":35}},"68":{"start":{"line":178,"column":8},"end":{"line":178,"column":39}},"69":{"start":{"line":182,"column":2},"end":{"line":238,"column":4}},"70":{"start":{"line":241,"column":15},"end":{"line":324,"column":2}}},"fnMap":{"0":{"name":"(anonymous_0)","decl":{"start":{"line":28,"column":67},"end":{"line":28,"column":68}},"loc":{"start":{"line":32,"column":6},"end":{"line":239,"column":1}},"line":32},"1":{"name":"(anonymous_1)","decl":{"start":{"line":50,"column":12},"end":{"line":50,"column":13}},"loc":{"start":{"line":50,"column":18},"end":{"line":98,"column":3}},"line":50},"2":{"name":"(anonymous_2)","decl":{"start":{"line":54,"column":6},"end":{"line":54,"column":7}},"loc":{"start":{"line":54,"column":13},"end":{"line":54,"column":65}},"line":54},"3":{"name":"(anonymous_3)","decl":{"start":{"line":67,"column":33},"end":{"line":67,"column":34}},"loc":{"start":{"line":67,"column":39},"end":{"line":95,"column":5}},"line":67},"4":{"name":"(anonymous_4)","decl":{"start":{"line":97,"column":11},"end":{"line":97,"column":12}},"loc":{"start":{"line":97,"column":17},"end":{"line":97,"column":40}},"line":97},"5":{"name":"(anonymous_5)","decl":{"start":{"line":100,"column":23},"end":{"line":100,"column":24}},"loc":{"start":{"line":100,"column":64},"end":{"line":142,"column":3}},"line":100},"6":{"name":"(anonymous_6)","decl":{"start":{"line":144,"column":22},"end":{"line":144,"column":23}},"loc":{"start":{"line":144,"column":28},"end":{"line":147,"column":3}},"line":144},"7":{"name":"(anonymous_7)","decl":{"start":{"line":149,"column":21},"end":{"line":149,"column":22}},"loc":{"start":{"line":149,"column":27},"end":{"line":154,"column":3}},"line":149},"8":{"name":"(anonymous_8)","decl":{"start":{"line":156,"column":23},"end":{"line":156,"column":24}},"loc":{"start":{"line":156,"column":29},"end":{"line":167,"column":3}},"line":156},"9":{"name":"(anonymous_9)","decl":{"start":{"line":169,"column":24},"end":{"line":169,"column":25}},"loc":{"start":{"line":169,"column":30},"end":{"line":180,"column":3}},"line":169}},"branchMap":{"0":{"loc":{"start":{"line":29,"column":2},"end":{"line":29,"column":20}},"type":"default-arg","locations":[{"start":{"line":29,"column":12},"end":{"line":29,"column":20}}],"line":29},"1":{"loc":{"start":{"line":31,"column":2},"end":{"line":31,"column":12}},"type":"default-arg","locations":[{"start":{"line":31,"column":11},"end":{"line":31,"column":12}}],"line":31},"2":{"loc":{"start":{"line":51,"column":4},"end":{"line":51,"column":26}},"type":"if","locations":[{"start":{"line":51,"column":4},"end":{"line":51,"column":26}},{"start":{},"end":{}}],"line":51},"3":{"loc":{"start":{"line":71,"column":6},"end":{"line":94,"column":7}},"type":"if","locations":[{"start":{"line":71,"column":6},"end":{"line":94,"column":7}},{"start":{},"end":{}}],"line":71},"4":{"loc":{"start":{"line":74,"column":8},"end":{"line":87,"column":9}},"type":"if","locations":[{"start":{"line":74,"column":8},"end":{"line":87,"column":9}},{"start":{},"end":{}}],"line":74},"5":{"loc":{"start":{"line":79,"column":10},"end":{"line":84,"column":11}},"type":"if","locations":[{"start":{"line":79,"column":10},"end":{"line":84,"column":11}},{"start":{},"end":{}}],"line":79},"6":{"loc":{"start":{"line":103,"column":4},"end":{"line":141,"column":5}},"type":"switch","locations":[{"start":{"line":104,"column":6},"end":{"line":117,"column":14}},{"start":{"line":119,"column":6},"end":{"line":121,"column":14}},{"start":{"line":123,"column":6},"end":{"line":136,"column":14}},{"start":{"line":138,"column":6},"end":{"line":140,"column":14}}],"line":103},"7":{"loc":{"start":{"line":157,"column":4},"end":{"line":166,"column":5}},"type":"switch","locations":[{"start":{"line":158,"column":6},"end":{"line":159,"column":28}},{"start":{"line":160,"column":6},"end":{"line":161,"column":22}},{"start":{"line":162,"column":6},"end":{"line":163,"column":29}},{"start":{"line":164,"column":6},"end":{"line":165,"column":23}}],"line":157},"8":{"loc":{"start":{"line":170,"column":4},"end":{"line":179,"column":5}},"type":"switch","locations":[{"start":{"line":171,"column":6},"end":{"line":172,"column":36}},{"start":{"line":173,"column":6},"end":{"line":174,"column":38}},{"start":{"line":175,"column":6},"end":{"line":176,"column":35}},{"start":{"line":177,"column":6},"end":{"line":178,"column":39}}],"line":170},"9":{"loc":{"start":{"line":205,"column":13},"end":{"line":205,"column":78}},"type":"binary-expr","locations":[{"start":{"line":205,"column":13},"end":{"line":205,"column":21}},{"start":{"line":205,"column":25},"end":{"line":205,"column":78}}],"line":205},"10":{"loc":{"start":{"line":212,"column":9},"end":{"line":222,"column":9}},"type":"cond-expr","locations":[{"start":{"line":213,"column":10},"end":{"line":217,"column":17}},{"start":{"line":219,"column":10},"end":{"line":221,"column":17}}],"line":212},"11":{"loc":{"start":{"line":214,"column":13},"end":{"line":214,"column":71}},"type":"binary-expr","locations":[{"start":{"line":214,"column":13},"end":{"line":214,"column":30}},{"start":{"line":214,"column":34},"end":{"line":214,"column":71}}],"line":214},"12":{"loc":{"start":{"line":215,"column":13},"end":{"line":215,"column":70}},"type":"binary-expr","locations":[{"start":{"line":215,"column":13},"end":{"line":215,"column":32}},{"start":{"line":215,"column":36},"end":{"line":215,"column":70}}],"line":215},"13":{"loc":{"start":{"line":216,"column":13},"end":{"line":216,"column":68}},"type":"binary-expr","locations":[{"start":{"line":216,"column":13},"end":{"line":216,"column":33}},{"start":{"line":216,"column":37},"end":{"line":216,"column":68}}],"line":216},"14":{"loc":{"start":{"line":220,"column":69},"end":{"line":220,"column":144}},"type":"cond-expr","locations":[{"start":{"line":220,"column":90},"end":{"line":220,"column":99}},{"start":{"line":220,"column":102},"end":{"line":220,"column":144}}],"line":220},"15":{"loc":{"start":{"line":220,"column":102},"end":{"line":220,"column":144}},"type":"cond-expr","locations":[{"start":{"line":220,"column":123},"end":{"line":220,"column":134}},{"start":{"line":220,"column":137},"end":{"line":220,"column":144}}],"line":220},"16":{"loc":{"start":{"line":227,"column":9},"end":{"line":235,"column":9}},"type":"cond-expr","locations":[{"start":{"line":228,"column":10},"end":{"line":230,"column":29}},{"start":{"line":232,"column":10},"end":{"line":234,"column":29}}],"line":227}},"s":{"0":0,"1":0,"2":0,"3":0,"4":0,"5":0,"6":0,"7":0,"8":0,"9":0,"10":0,"11":0,"12":0,"13":0,"14":0,"15":0,"16":0,"17":0,"18":0,"19":0,"20":0,"21":0,"22":0,"23":0,"24":0,"25":0,"26":0,"27":0,"28":0,"29":0,"30":0,"31":0,"32":0,"33":0,"34":0,"35":0,"36":0,"37":0,"38":0,"39":0,"40":0,"41":0,"42":0,"43":0,"44":0,"45":0,"46":0,"47":0,"48":0,"49":0,"50":0,"51":0,"52":0,"53":0,"54":0,"55":0,"56":0,"57":0,"58":0,"59":0,"60":0,"61":0,"62":0,"63":0,"64":0,"65":0,"66":0,"67":0,"68":0,"69":0,"70":0},"f":{"0":0,"1":0,"2":0,"3":0,"4":0,"5":0,"6":0,"7":0,"8":0,"9":0},"b":{"0":[0],"1":[0],"2":[0,0],"3":[0,0],"4":[0,0],"5":[0,0],"6":[0,0,0,0],"7":[0,0,0,0],"8":[0,0,0,0],"9":[0,0],"10":[0,0],"11":[0,0],"12":[0,0],"13":[0,0],"14":[0,0],"15":[0,0],"16":[0,0]}}
,"/Users/matthew/Desktop/Feb26/ora-ai/src/components/breathing/BreathingPatternSelector.tsx": {"path":"/Users/matthew/Desktop/Feb26/ora-ai/src/components/breathing/BreathingPatternSelector.tsx","statementMap":{"0":{"start":{"line":21,"column":32},"end":{"line":46,"column":1}},"1":{"start":{"line":61,"column":81},"end":{"line":113,"column":1}},"2":{"start":{"line":65,"column":2},"end":{"line":112,"column":4}},"3":{"start":{"line":70,"column":27},"end":{"line":70,"column":50}},"4":{"start":{"line":72,"column":8},"end":{"line":109,"column":10}},"5":{"start":{"line":76,"column":27},"end":{"line":76,"column":47}},"6":{"start":{"line":115,"column":15},"end":{"line":199,"column":2}}},"fnMap":{"0":{"name":"(anonymous_0)","decl":{"start":{"line":61,"column":81},"end":{"line":61,"column":82}},"loc":{"start":{"line":64,"column":6},"end":{"line":113,"column":1}},"line":64},"1":{"name":"(anonymous_1)","decl":{"start":{"line":69,"column":20},"end":{"line":69,"column":21}},"loc":{"start":{"line":69,"column":33},"end":{"line":110,"column":7}},"line":69},"2":{"name":"(anonymous_2)","decl":{"start":{"line":76,"column":21},"end":{"line":76,"column":22}},"loc":{"start":{"line":76,"column":27},"end":{"line":76,"column":47}},"line":76}},"branchMap":{"0":{"loc":{"start":{"line":75,"column":33},"end":{"line":75,"column":66}},"type":"binary-expr","locations":[{"start":{"line":75,"column":33},"end":{"line":75,"column":43}},{"start":{"line":75,"column":47},"end":{"line":75,"column":66}}],"line":75},"1":{"loc":{"start":{"line":82,"column":50},"end":{"line":82,"column":83}},"type":"binary-expr","locations":[{"start":{"line":82,"column":50},"end":{"line":82,"column":60}},{"start":{"line":82,"column":64},"end":{"line":82,"column":83}}],"line":82},"2":{"loc":{"start":{"line":85,"column":45},"end":{"line":85,"column":78}},"type":"binary-expr","locations":[{"start":{"line":85,"column":45},"end":{"line":85,"column":55}},{"start":{"line":85,"column":59},"end":{"line":85,"column":78}}],"line":85},"3":{"loc":{"start":{"line":89,"column":15},"end":{"line":93,"column":15}},"type":"binary-expr","locations":[{"start":{"line":89,"column":15},"end":{"line":89,"column":25}},{"start":{"line":90,"column":16},"end":{"line":92,"column":23}}],"line":89},"4":{"loc":{"start":{"line":96,"column":46},"end":{"line":96,"column":79}},"type":"binary-expr","locations":[{"start":{"line":96,"column":46},"end":{"line":96,"column":56}},{"start":{"line":96,"column":60},"end":{"line":96,"column":79}}],"line":96},"5":{"loc":{"start":{"line":101,"column":49},"end":{"line":101,"column":82}},"type":"binary-expr","locations":[{"start":{"line":101,"column":49},"end":{"line":101,"column":59}},{"start":{"line":101,"column":63},"end":{"line":101,"column":82}}],"line":101},"6":{"loc":{"start":{"line":104,"column":48},"end":{"line":104,"column":81}},"type":"binary-expr","locations":[{"start":{"line":104,"column":48},"end":{"line":104,"column":58}},{"start":{"line":104,"column":62},"end":{"line":104,"column":81}}],"line":104}},"s":{"0":0,"1":0,"2":0,"3":0,"4":0,"5":0,"6":0},"f":{"0":0,"1":0,"2":0},"b":{"0":[0,0],"1":[0,0],"2":[0,0],"3":[0,0],"4":[0,0],"5":[0,0],"6":[0,0]}}
,"/Users/matthew/Desktop/Feb26/ora-ai/src/components/chat/ChatInput.tsx": {"path":"/Users/matthew/Desktop/Feb26/ora-ai/src/components/chat/ChatInput.tsx","statementMap":{"0":{"start":{"line":15,"column":51},"end":{"line":68,"column":1}},"1":{"start":{"line":16,"column":26},"end":{"line":16,"column":38}},"2":{"start":{"line":18,"column":21},"end":{"line":23,"column":3}},"3":{"start":{"line":19,"column":4},"end":{"line":22,"column":5}},"4":{"start":{"line":20,"column":6},"end":{"line":20,"column":26}},"5":{"start":{"line":21,"column":6},"end":{"line":21,"column":18}},"6":{"start":{"line":25,"column":25},"end":{"line":31,"column":3}},"7":{"start":{"line":27,"column":4},"end":{"line":30,"column":5}},"8":{"start":{"line":28,"column":6},"end":{"line":28,"column":25}},"9":{"start":{"line":29,"column":6},"end":{"line":29,"column":19}},"10":{"start":{"line":33,"column":2},"end":{"line":67,"column":4}},"11":{"start":{"line":70,"column":15},"end":{"line":124,"column":2}}},"fnMap":{"0":{"name":"(anonymous_0)","decl":{"start":{"line":15,"column":51},"end":{"line":15,"column":52}},"loc":{"start":{"line":15,"column":78},"end":{"line":68,"column":1}},"line":15},"1":{"name":"(anonymous_1)","decl":{"start":{"line":18,"column":21},"end":{"line":18,"column":22}},"loc":{"start":{"line":18,"column":27},"end":{"line":23,"column":3}},"line":18},"2":{"name":"(anonymous_2)","decl":{"start":{"line":25,"column":25},"end":{"line":25,"column":26}},"loc":{"start":{"line":25,"column":37},"end":{"line":31,"column":3}},"line":25}},"branchMap":{"0":{"loc":{"start":{"line":19,"column":4},"end":{"line":22,"column":5}},"type":"if","locations":[{"start":{"line":19,"column":4},"end":{"line":22,"column":5}},{"start":{},"end":{}}],"line":19},"1":{"loc":{"start":{"line":19,"column":8},"end":{"line":19,"column":33}},"type":"binary-expr","locations":[{"start":{"line":19,"column":8},"end":{"line":19,"column":19}},{"start":{"line":19,"column":23},"end":{"line":19,"column":33}}],"line":19},"2":{"loc":{"start":{"line":27,"column":4},"end":{"line":30,"column":5}},"type":"if","locations":[{"start":{"line":27,"column":4},"end":{"line":30,"column":5}},{"start":{},"end":{}}],"line":27},"3":{"loc":{"start":{"line":27,"column":8},"end":{"line":27,"column":64}},"type":"binary-expr","locations":[{"start":{"line":27,"column":8},"end":{"line":27,"column":37}},{"start":{"line":27,"column":41},"end":{"line":27,"column":64}}],"line":27},"4":{"loc":{"start":{"line":52,"column":12},"end":{"line":52,"column":68}},"type":"binary-expr","locations":[{"start":{"line":52,"column":13},"end":{"line":52,"column":25}},{"start":{"line":52,"column":29},"end":{"line":52,"column":38}},{"start":{"line":52,"column":43},"end":{"line":52,"column":68}}],"line":52},"5":{"loc":{"start":{"line":55,"column":20},"end":{"line":55,"column":45}},"type":"binary-expr","locations":[{"start":{"line":55,"column":20},"end":{"line":55,"column":32}},{"start":{"line":55,"column":36},"end":{"line":55,"column":45}}],"line":55},"6":{"loc":{"start":{"line":57,"column":11},"end":{"line":63,"column":11}},"type":"cond-expr","locations":[{"start":{"line":58,"column":12},"end":{"line":58,"column":59}},{"start":{"line":60,"column":12},"end":{"line":62,"column":19}}],"line":57}},"s":{"0":0,"1":0,"2":0,"3":0,"4":0,"5":0,"6":0,"7":0,"8":0,"9":0,"10":0,"11":0},"f":{"0":0,"1":0,"2":0},"b":{"0":[0,0],"1":[0,0],"2":[0,0],"3":[0,0],"4":[0,0,0],"5":[0,0],"6":[0,0]}}
,"/Users/matthew/Desktop/Feb26/ora-ai/src/components/chat/ChatMessage.tsx": {"path":"/Users/matthew/Desktop/Feb26/ora-ai/src/components/chat/ChatMessage.tsx","statementMap":{"0":{"start":{"line":15,"column":55},"end":{"line":48,"column":1}},"1":{"start":{"line":16,"column":17},"end":{"line":16,"column":40}},"2":{"start":{"line":18,"column":2},"end":{"line":47,"column":4}},"3":{"start":{"line":50,"column":15},"end":{"line":94,"column":2}}},"fnMap":{"0":{"name":"(anonymous_0)","decl":{"start":{"line":15,"column":55},"end":{"line":15,"column":56}},"loc":{"start":{"line":15,"column":72},"end":{"line":48,"column":1}},"line":15}},"branchMap":{"0":{"loc":{"start":{"line":22,"column":8},"end":{"line":22,"column":65}},"type":"cond-expr","locations":[{"start":{"line":22,"column":17},"end":{"line":22,"column":37}},{"start":{"line":22,"column":40},"end":{"line":22,"column":65}}],"line":22},"1":{"loc":{"start":{"line":28,"column":10},"end":{"line":28,"column":61}},"type":"cond-expr","locations":[{"start":{"line":28,"column":19},"end":{"line":28,"column":36}},{"start":{"line":28,"column":39},"end":{"line":28,"column":61}}],"line":28},"2":{"loc":{"start":{"line":34,"column":12},"end":{"line":34,"column":59}},"type":"cond-expr","locations":[{"start":{"line":34,"column":21},"end":{"line":34,"column":36}},{"start":{"line":34,"column":39},"end":{"line":34,"column":59}}],"line":34}},"s":{"0":0,"1":0,"2":0,"3":0},"f":{"0":0},"b":{"0":[0,0],"1":[0,0],"2":[0,0]}}
,"/Users/matthew/Desktop/Feb26/ora-ai/src/components/common/Typography.tsx": {"path":"/Users/matthew/Desktop/Feb26/ora-ai/src/components/common/Typography.tsx","statementMap":{"0":{"start":{"line":35,"column":53},"end":{"line":62,"column":1}},"1":{"start":{"line":44,"column":20},"end":{"line":48,"column":21}},"2":{"start":{"line":51,"column":35},"end":{"line":55,"column":3}},"3":{"start":{"line":57,"column":2},"end":{"line":61,"column":4}},"4":{"start":{"line":69,"column":64},"end":{"line":71,"column":1}},"5":{"start":{"line":70,"column":2},"end":{"line":70,"column":42}},"6":{"start":{"line":73,"column":62},"end":{"line":75,"column":1}},"7":{"start":{"line":74,"column":2},"end":{"line":74,"column":40}},"8":{"start":{"line":77,"column":62},"end":{"line":79,"column":1}},"9":{"start":{"line":78,"column":2},"end":{"line":78,"column":40}},"10":{"start":{"line":81,"column":62},"end":{"line":83,"column":1}},"11":{"start":{"line":82,"column":2},"end":{"line":82,"column":40}},"12":{"start":{"line":85,"column":62},"end":{"line":87,"column":1}},"13":{"start":{"line":86,"column":2},"end":{"line":86,"column":40}},"14":{"start":{"line":89,"column":64},"end":{"line":91,"column":1}},"15":{"start":{"line":90,"column":2},"end":{"line":90,"column":42}},"16":{"start":{"line":93,"column":69},"end":{"line":95,"column":1}},"17":{"start":{"line":94,"column":2},"end":{"line":94,"column":47}},"18":{"start":{"line":97,"column":69},"end":{"line":99,"column":1}},"19":{"start":{"line":98,"column":2},"end":{"line":98,"column":47}},"20":{"start":{"line":101,"column":67},"end":{"line":103,"column":1}},"21":{"start":{"line":102,"column":2},"end":{"line":102,"column":45}},"22":{"start":{"line":105,"column":65},"end":{"line":107,"column":1}},"23":{"start":{"line":106,"column":2},"end":{"line":106,"column":43}},"24":{"start":{"line":109,"column":70},"end":{"line":111,"column":1}},"25":{"start":{"line":110,"column":2},"end":{"line":110,"column":48}},"26":{"start":{"line":113,"column":70},"end":{"line":115,"column":1}},"27":{"start":{"line":114,"column":2},"end":{"line":114,"column":44}},"28":{"start":{"line":117,"column":75},"end":{"line":119,"column":1}},"29":{"start":{"line":118,"column":2},"end":{"line":118,"column":49}},"30":{"start":{"line":121,"column":75},"end":{"line":123,"column":1}},"31":{"start":{"line":122,"column":2},"end":{"line":122,"column":49}},"32":{"start":{"line":125,"column":68},"end":{"line":127,"column":1}},"33":{"start":{"line":126,"column":2},"end":{"line":126,"column":46}},"34":{"start":{"line":129,"column":65},"end":{"line":131,"column":1}},"35":{"start":{"line":130,"column":2},"end":{"line":130,"column":43}},"36":{"start":{"line":133,"column":66},"end":{"line":135,"column":1}},"37":{"start":{"line":134,"column":2},"end":{"line":134,"column":44}},"38":{"start":{"line":137,"column":68},"end":{"line":139,"column":1}},"39":{"start":{"line":138,"column":2},"end":{"line":138,"column":46}}},"fnMap":{"0":{"name":"(anonymous_0)","decl":{"start":{"line":35,"column":53},"end":{"line":35,"column":54}},"loc":{"start":{"line":42,"column":6},"end":{"line":62,"column":1}},"line":42},"1":{"name":"(anonymous_1)","decl":{"start":{"line":69,"column":64},"end":{"line":69,"column":65}},"loc":{"start":{"line":70,"column":2},"end":{"line":70,"column":42}},"line":70},"2":{"name":"(anonymous_2)","decl":{"start":{"line":73,"column":62},"end":{"line":73,"column":63}},"loc":{"start":{"line":74,"column":2},"end":{"line":74,"column":40}},"line":74},"3":{"name":"(anonymous_3)","decl":{"start":{"line":77,"column":62},"end":{"line":77,"column":63}},"loc":{"start":{"line":78,"column":2},"end":{"line":78,"column":40}},"line":78},"4":{"name":"(anonymous_4)","decl":{"start":{"line":81,"column":62},"end":{"line":81,"column":63}},"loc":{"start":{"line":82,"column":2},"end":{"line":82,"column":40}},"line":82},"5":{"name":"(anonymous_5)","decl":{"start":{"line":85,"column":62},"end":{"line":85,"column":63}},"loc":{"start":{"line":86,"column":2},"end":{"line":86,"column":40}},"line":86},"6":{"name":"(anonymous_6)","decl":{"start":{"line":89,"column":64},"end":{"line":89,"column":65}},"loc":{"start":{"line":90,"column":2},"end":{"line":90,"column":42}},"line":90},"7":{"name":"(anonymous_7)","decl":{"start":{"line":93,"column":69},"end":{"line":93,"column":70}},"loc":{"start":{"line":94,"column":2},"end":{"line":94,"column":47}},"line":94},"8":{"name":"(anonymous_8)","decl":{"start":{"line":97,"column":69},"end":{"line":97,"column":70}},"loc":{"start":{"line":98,"column":2},"end":{"line":98,"column":47}},"line":98},"9":{"name":"(anonymous_9)","decl":{"start":{"line":101,"column":67},"end":{"line":101,"column":68}},"loc":{"start":{"line":102,"column":2},"end":{"line":102,"column":45}},"line":102},"10":{"name":"(anonymous_10)","decl":{"start":{"line":105,"column":65},"end":{"line":105,"column":66}},"loc":{"start":{"line":106,"column":2},"end":{"line":106,"column":43}},"line":106},"11":{"name":"(anonymous_11)","decl":{"start":{"line":109,"column":70},"end":{"line":109,"column":71}},"loc":{"start":{"line":110,"column":2},"end":{"line":110,"column":48}},"line":110},"12":{"name":"(anonymous_12)","decl":{"start":{"line":113,"column":70},"end":{"line":113,"column":71}},"loc":{"start":{"line":114,"column":2},"end":{"line":114,"column":44}},"line":114},"13":{"name":"(anonymous_13)","decl":{"start":{"line":117,"column":75},"end":{"line":117,"column":76}},"loc":{"start":{"line":118,"column":2},"end":{"line":118,"column":49}},"line":118},"14":{"name":"(anonymous_14)","decl":{"start":{"line":121,"column":75},"end":{"line":121,"column":76}},"loc":{"start":{"line":122,"column":2},"end":{"line":122,"column":49}},"line":122},"15":{"name":"(anonymous_15)","decl":{"start":{"line":125,"column":68},"end":{"line":125,"column":69}},"loc":{"start":{"line":126,"column":2},"end":{"line":126,"column":46}},"line":126},"16":{"name":"(anonymous_16)","decl":{"start":{"line":129,"column":65},"end":{"line":129,"column":66}},"loc":{"start":{"line":130,"column":2},"end":{"line":130,"column":43}},"line":130},"17":{"name":"(anonymous_17)","decl":{"start":{"line":133,"column":66},"end":{"line":133,"column":67}},"loc":{"start":{"line":134,"column":2},"end":{"line":134,"column":44}},"line":134},"18":{"name":"(anonymous_18)","decl":{"start":{"line":137,"column":68},"end":{"line":137,"column":69}},"loc":{"start":{"line":138,"column":2},"end":{"line":138,"column":46}},"line":138}},"branchMap":{"0":{"loc":{"start":{"line":44,"column":20},"end":{"line":48,"column":21}},"type":"cond-expr","locations":[{"start":{"line":45,"column":6},"end":{"line":45,"column":26}},{"start":{"line":46,"column":6},"end":{"line":48,"column":21}}],"line":44},"1":{"loc":{"start":{"line":46,"column":6},"end":{"line":48,"column":21}},"type":"cond-expr","locations":[{"start":{"line":47,"column":6},"end":{"line":47,"column":25}},{"start":{"line":48,"column":6},"end":{"line":48,"column":21}}],"line":46},"2":{"loc":{"start":{"line":53,"column":8},"end":{"line":53,"column":26}},"type":"binary-expr","locations":[{"start":{"line":53,"column":8},"end":{"line":53,"column":13}},{"start":{"line":53,"column":17},"end":{"line":53,"column":26}}],"line":53}},"s":{"0":0,"1":0,"2":0,"3":0,"4":0,"5":0,"6":0,"7":0,"8":0,"9":0,"10":0,"11":0,"12":0,"13":0,"14":0,"15":0,"16":0,"17":0,"18":0,"19":0,"20":0,"21":0,"22":0,"23":0,"24":0,"25":0,"26":0,"27":0,"28":0,"29":0,"30":0,"31":0,"32":0,"33":0,"34":0,"35":0,"36":0,"37":0,"38":0,"39":0},"f":{"0":0,"1":0,"2":0,"3":0,"4":0,"5":0,"6":0,"7":0,"8":0,"9":0,"10":0,"11":0,"12":0,"13":0,"14":0,"15":0,"16":0,"17":0,"18":0},"b":{"0":[0,0],"1":[0,0],"2":[0,0]}}
,"/Users/matthew/Desktop/Feb26/ora-ai/src/components/community/CategoryBadge.tsx": {"path":"/Users/matthew/Desktop/Feb26/ora-ai/src/components/community/CategoryBadge.tsx","statementMap":{"0":{"start":{"line":11,"column":59},"end":{"line":39,"column":1}},"1":{"start":{"line":15,"column":18},"end":{"line":15,"column":34}},"2":{"start":{"line":17,"column":2},"end":{"line":38,"column":4}},"3":{"start":{"line":41,"column":15},"end":{"line":80,"column":2}}},"fnMap":{"0":{"name":"(anonymous_0)","decl":{"start":{"line":11,"column":59},"end":{"line":11,"column":60}},"loc":{"start":{"line":14,"column":6},"end":{"line":39,"column":1}},"line":14}},"branchMap":{"0":{"loc":{"start":{"line":13,"column":2},"end":{"line":13,"column":16}},"type":"default-arg","locations":[{"start":{"line":13,"column":9},"end":{"line":13,"column":16}}],"line":13},"1":{"loc":{"start":{"line":22,"column":8},"end":{"line":22,"column":64}},"type":"cond-expr","locations":[{"start":{"line":22,"column":18},"end":{"line":22,"column":39}},{"start":{"line":22,"column":42},"end":{"line":22,"column":64}}],"line":22},"2":{"loc":{"start":{"line":25,"column":33},"end":{"line":25,"column":79}},"type":"cond-expr","locations":[{"start":{"line":25,"column":43},"end":{"line":25,"column":59}},{"start":{"line":25,"column":62},"end":{"line":25,"column":79}}],"line":25},"3":{"loc":{"start":{"line":32,"column":10},"end":{"line":32,"column":56}},"type":"cond-expr","locations":[{"start":{"line":32,"column":20},"end":{"line":32,"column":36}},{"start":{"line":32,"column":39},"end":{"line":32,"column":56}}],"line":32}},"s":{"0":0,"1":0,"2":0,"3":0},"f":{"0":0},"b":{"0":[0],"1":[0,0],"2":[0,0],"3":[0,0]}}
,"/Users/matthew/Desktop/Feb26/ora-ai/src/components/community/CategoryFilter.tsx": {"path":"/Users/matthew/Desktop/Feb26/ora-ai/src/components/community/CategoryFilter.tsx","statementMap":{"0":{"start":{"line":12,"column":61},"end":{"line":62,"column":1}},"1":{"start":{"line":17,"column":24},"end":{"line":20,"column":3}},"2":{"start":{"line":22,"column":2},"end":{"line":61,"column":4}},"3":{"start":{"line":30,"column":27},"end":{"line":30,"column":59}},"4":{"start":{"line":31,"column":30},"end":{"line":31,"column":62}},"5":{"start":{"line":33,"column":8},"end":{"line":58,"column":10}},"6":{"start":{"line":43,"column":27},"end":{"line":43,"column":56}},"7":{"start":{"line":64,"column":15},"end":{"line":100,"column":2}}},"fnMap":{"0":{"name":"(anonymous_0)","decl":{"start":{"line":12,"column":61},"end":{"line":12,"column":62}},"loc":{"start":{"line":16,"column":6},"end":{"line":62,"column":1}},"line":16},"1":{"name":"(anonymous_1)","decl":{"start":{"line":29,"column":25},"end":{"line":29,"column":26}},"loc":{"start":{"line":29,"column":39},"end":{"line":59,"column":7}},"line":29},"2":{"name":"(anonymous_2)","decl":{"start":{"line":43,"column":21},"end":{"line":43,"column":22}},"loc":{"start":{"line":43,"column":27},"end":{"line":43,"column":56}},"line":43}},"branchMap":{"0":{"loc":{"start":{"line":31,"column":30},"end":{"line":31,"column":62}},"type":"binary-expr","locations":[{"start":{"line":31,"column":30},"end":{"line":31,"column":44}},{"start":{"line":31,"column":48},"end":{"line":31,"column":62}}],"line":31},"1":{"loc":{"start":{"line":35,"column":17},"end":{"line":35,"column":37}},"type":"binary-expr","locations":[{"start":{"line":35,"column":17},"end":{"line":35,"column":28}},{"start":{"line":35,"column":32},"end":{"line":35,"column":37}}],"line":35},"2":{"loc":{"start":{"line":38,"column":14},"end":{"line":41,"column":15}},"type":"binary-expr","locations":[{"start":{"line":38,"column":14},"end":{"line":38,"column":24}},{"start":{"line":38,"column":28},"end":{"line":41,"column":15}}],"line":38},"3":{"loc":{"start":{"line":46,"column":39},"end":{"line":46,"column":70}},"type":"binary-expr","locations":[{"start":{"line":46,"column":39},"end":{"line":46,"column":49}},{"start":{"line":46,"column":53},"end":{"line":46,"column":70}}],"line":46},"4":{"loc":{"start":{"line":52,"column":16},"end":{"line":52,"column":73}},"type":"cond-expr","locations":[{"start":{"line":52,"column":29},"end":{"line":52,"column":46}},{"start":{"line":52,"column":49},"end":{"line":52,"column":73}}],"line":52}},"s":{"0":0,"1":0,"2":0,"3":0,"4":0,"5":0,"6":0,"7":0},"f":{"0":0,"1":0,"2":0},"b":{"0":[0,0],"1":[0,0],"2":[0,0],"3":[0,0],"4":[0,0]}}
,"/Users/matthew/Desktop/Feb26/ora-ai/src/components/community/CommentCard.tsx": {"path":"/Users/matthew/Desktop/Feb26/ora-ai/src/components/community/CommentCard.tsx","statementMap":{"0":{"start":{"line":12,"column":55},"end":{"line":38,"column":1}},"1":{"start":{"line":13,"column":2},"end":{"line":37,"column":4}},"2":{"start":{"line":40,"column":15},"end":{"line":83,"column":2}}},"fnMap":{"0":{"name":"(anonymous_0)","decl":{"start":{"line":12,"column":55},"end":{"line":12,"column":56}},"loc":{"start":{"line":12,"column":80},"end":{"line":38,"column":1}},"line":12}},"branchMap":{"0":{"loc":{"start":{"line":22,"column":13},"end":{"line":22,"column":75}},"type":"cond-expr","locations":[{"start":{"line":22,"column":42},"end":{"line":22,"column":53}},{"start":{"line":22,"column":56},"end":{"line":22,"column":75}}],"line":22}},"s":{"0":0,"1":0,"2":0},"f":{"0":0},"b":{"0":[0,0]}}
,"/Users/matthew/Desktop/Feb26/ora-ai/src/components/community/CommentInput.tsx": {"path":"/Users/matthew/Desktop/Feb26/ora-ai/src/components/community/CommentInput.tsx","statementMap":{"0":{"start":{"line":18,"column":57},"end":{"line":106,"column":1}},"1":{"start":{"line":22,"column":32},"end":{"line":22,"column":44}},"2":{"start":{"line":23,"column":40},"end":{"line":23,"column":55}},"3":{"start":{"line":24,"column":42},"end":{"line":24,"column":57}},"4":{"start":{"line":25,"column":30},"end":{"line":25,"column":42}},"5":{"start":{"line":27,"column":25},"end":{"line":27,"column":28}},"6":{"start":{"line":28,"column":25},"end":{"line":28,"column":56}},"7":{"start":{"line":30,"column":23},"end":{"line":44,"column":3}},"8":{"start":{"line":31,"column":4},"end":{"line":31,"column":48}},"9":{"start":{"line":31,"column":41},"end":{"line":31,"column":48}},"10":{"start":{"line":33,"column":4},"end":{"line":43,"column":5}},"11":{"start":{"line":34,"column":6},"end":{"line":34,"column":28}},"12":{"start":{"line":35,"column":6},"end":{"line":35,"column":43}},"13":{"start":{"line":36,"column":6},"end":{"line":36,"column":21}},"14":{"start":{"line":37,"column":6},"end":{"line":37,"column":28}},"15":{"start":{"line":38,"column":6},"end":{"line":38,"column":20}},"16":{"start":{"line":40,"column":6},"end":{"line":40,"column":56}},"17":{"start":{"line":42,"column":6},"end":{"line":42,"column":29}},"18":{"start":{"line":46,"column":2},"end":{"line":105,"column":4}},"19":{"start":{"line":58,"column":12},"end":{"line":58,"column":60}},"20":{"start":{"line":108,"column":15},"end":{"line":176,"column":2}}},"fnMap":{"0":{"name":"(anonymous_0)","decl":{"start":{"line":18,"column":57},"end":{"line":18,"column":58}},"loc":{"start":{"line":21,"column":6},"end":{"line":106,"column":1}},"line":21},"1":{"name":"(anonymous_1)","decl":{"start":{"line":30,"column":23},"end":{"line":30,"column":24}},"loc":{"start":{"line":30,"column":35},"end":{"line":44,"column":3}},"line":30},"2":{"name":"(anonymous_2)","decl":{"start":{"line":57,"column":31},"end":{"line":57,"column":32}},"loc":{"start":{"line":57,"column":42},"end":{"line":59,"column":11}},"line":57}},"branchMap":{"0":{"loc":{"start":{"line":20,"column":2},"end":{"line":20,"column":45}},"type":"default-arg","locations":[{"start":{"line":20,"column":16},"end":{"line":20,"column":45}}],"line":20},"1":{"loc":{"start":{"line":31,"column":4},"end":{"line":31,"column":48}},"type":"if","locations":[{"start":{"line":31,"column":4},"end":{"line":31,"column":48}},{"start":{},"end":{}}],"line":31},"2":{"loc":{"start":{"line":31,"column":8},"end":{"line":31,"column":39}},"type":"binary-expr","locations":[{"start":{"line":31,"column":8},"end":{"line":31,"column":23}},{"start":{"line":31,"column":27},"end":{"line":31,"column":39}}],"line":31},"3":{"loc":{"start":{"line":81,"column":16},"end":{"line":81,"column":67}},"type":"binary-expr","locations":[{"start":{"line":81,"column":16},"end":{"line":81,"column":35}},{"start":{"line":81,"column":39},"end":{"line":81,"column":67}}],"line":81},"4":{"loc":{"start":{"line":91,"column":14},"end":{"line":91,"column":78}},"type":"binary-expr","locations":[{"start":{"line":91,"column":15},"end":{"line":91,"column":30}},{"start":{"line":91,"column":34},"end":{"line":91,"column":46}},{"start":{"line":91,"column":51},"end":{"line":91,"column":78}}],"line":91},"5":{"loc":{"start":{"line":94,"column":22},"end":{"line":94,"column":53}},"type":"binary-expr","locations":[{"start":{"line":94,"column":22},"end":{"line":94,"column":37}},{"start":{"line":94,"column":41},"end":{"line":94,"column":53}}],"line":94},"6":{"loc":{"start":{"line":96,"column":13},"end":{"line":100,"column":13}},"type":"cond-expr","locations":[{"start":{"line":97,"column":14},"end":{"line":97,"column":75}},{"start":{"line":99,"column":14},"end":{"line":99,"column":63}}],"line":96}},"s":{"0":0,"1":0,"2":0,"3":0,"4":0,"5":0,"6":0,"7":0,"8":0,"9":0,"10":0,"11":0,"12":0,"13":0,"14":0,"15":0,"16":0,"17":0,"18":0,"19":0,"20":0},"f":{"0":0,"1":0,"2":0},"b":{"0":[0],"1":[0,0],"2":[0,0],"3":[0,0],"4":[0,0,0],"5":[0,0],"6":[0,0]}}
,"/Users/matthew/Desktop/Feb26/ora-ai/src/components/community/InboxTabContent.tsx": {"path":"/Users/matthew/Desktop/Feb26/ora-ai/src/components/community/InboxTabContent.tsx","statementMap":{"0":{"start":{"line":16,"column":51},"end":{"line":22,"column":1}},"1":{"start":{"line":28,"column":63},"end":{"line":277,"column":1}},"2":{"start":{"line":31,"column":34},"end":{"line":31,"column":62}},"3":{"start":{"line":32,"column":32},"end":{"line":32,"column":46}},"4":{"start":{"line":33,"column":38},"end":{"line":33,"column":53}},"5":{"start":{"line":34,"column":48},"end":{"line":34,"column":83}},"6":{"start":{"line":35,"column":42},"end":{"line":35,"column":57}},"7":{"start":{"line":37,"column":2},"end":{"line":39,"column":9}},"8":{"start":{"line":38,"column":4},"end":{"line":38,"column":19}},"9":{"start":{"line":41,"column":23},"end":{"line":52,"column":3}},"10":{"start":{"line":42,"column":4},"end":{"line":51,"column":5}},"11":{"start":{"line":43,"column":6},"end":{"line":43,"column":23}},"12":{"start":{"line":44,"column":21},"end":{"line":44,"column":61}},"13":{"start":{"line":45,"column":6},"end":{"line":45,"column":35}},"14":{"start":{"line":46,"column":6},"end":{"line":46,"column":48}},"15":{"start":{"line":48,"column":6},"end":{"line":48,"column":54}},"16":{"start":{"line":50,"column":6},"end":{"line":50,"column":24}},"17":{"start":{"line":54,"column":24},"end":{"line":58,"column":3}},"18":{"start":{"line":55,"column":4},"end":{"line":55,"column":24}},"19":{"start":{"line":56,"column":4},"end":{"line":56,"column":25}},"20":{"start":{"line":57,"column":4},"end":{"line":57,"column":25}},"21":{"start":{"line":60,"column":29},"end":{"line":82,"column":3}},"22":{"start":{"line":62,"column":4},"end":{"line":77,"column":5}},"23":{"start":{"line":63,"column":6},"end":{"line":76,"column":7}},"24":{"start":{"line":64,"column":8},"end":{"line":64,"column":46}},"25":{"start":{"line":67,"column":8},"end":{"line":69,"column":11}},"26":{"start":{"line":68,"column":10},"end":{"line":68,"column":58}},"27":{"start":{"line":72,"column":28},"end":{"line":72,"column":70}},"28":{"start":{"line":72,"column":49},"end":{"line":72,"column":58}},"29":{"start":{"line":73,"column":8},"end":{"line":73,"column":43}},"30":{"start":{"line":75,"column":8},"end":{"line":75,"column":63}},"31":{"start":{"line":80,"column":4},"end":{"line":80,"column":32}},"32":{"start":{"line":81,"column":4},"end":{"line":81,"column":26}},"33":{"start":{"line":84,"column":24},"end":{"line":100,"column":3}},"34":{"start":{"line":85,"column":4},"end":{"line":99,"column":5}},"35":{"start":{"line":86,"column":6},"end":{"line":86,"column":47}},"36":{"start":{"line":89,"column":6},"end":{"line":89,"column":60}},"37":{"start":{"line":89,"column":39},"end":{"line":89,"column":57}},"38":{"start":{"line":92,"column":22},"end":{"line":92,"column":60}},"39":{"start":{"line":92,"column":41},"end":{"line":92,"column":59}},"40":{"start":{"line":93,"column":6},"end":{"line":96,"column":7}},"41":{"start":{"line":94,"column":28},"end":{"line":94,"column":88}},"42":{"start":{"line":94,"column":49},"end":{"line":94,"column":80}},"43":{"start":{"line":95,"column":8},"end":{"line":95,"column":43}},"44":{"start":{"line":98,"column":6},"end":{"line":98,"column":55}},"45":{"start":{"line":102,"column":31},"end":{"line":123,"column":3}},"46":{"start":{"line":107,"column":4},"end":{"line":107,"column":33}},"47":{"start":{"line":107,"column":26},"end":{"line":107,"column":33}},"48":{"start":{"line":109,"column":4},"end":{"line":122,"column":5}},"49":{"start":{"line":110,"column":6},"end":{"line":115,"column":8}},"50":{"start":{"line":120,"column":6},"end":{"line":120,"column":57}},"51":{"start":{"line":121,"column":6},"end":{"line":121,"column":18}},"52":{"start":{"line":125,"column":30},"end":{"line":170,"column":3}},"53":{"start":{"line":126,"column":62},"end":{"line":126,"column":64}},"54":{"start":{"line":127,"column":18},"end":{"line":127,"column":28}},"55":{"start":{"line":128,"column":4},"end":{"line":128,"column":31}},"56":{"start":{"line":130,"column":22},"end":{"line":130,"column":37}},"57":{"start":{"line":131,"column":4},"end":{"line":131,"column":47}},"58":{"start":{"line":133,"column":21},"end":{"line":133,"column":36}},"59":{"start":{"line":134,"column":4},"end":{"line":134,"column":45}},"60":{"start":{"line":136,"column":42},"end":{"line":136,"column":44}},"61":{"start":{"line":137,"column":46},"end":{"line":137,"column":48}},"62":{"start":{"line":138,"column":45},"end":{"line":138,"column":47}},"63":{"start":{"line":139,"column":42},"end":{"line":139,"column":44}},"64":{"start":{"line":141,"column":4},"end":{"line":154,"column":7}},"65":{"start":{"line":142,"column":26},"end":{"line":142,"column":53}},"66":{"start":{"line":143,"column":6},"end":{"line":143,"column":39}},"67":{"start":{"line":145,"column":6},"end":{"line":153,"column":7}},"68":{"start":{"line":146,"column":8},"end":{"line":146,"column":36}},"69":{"start":{"line":147,"column":13},"end":{"line":153,"column":7}},"70":{"start":{"line":148,"column":8},"end":{"line":148,"column":40}},"71":{"start":{"line":149,"column":13},"end":{"line":153,"column":7}},"72":{"start":{"line":150,"column":8},"end":{"line":150,"column":39}},"73":{"start":{"line":152,"column":8},"end":{"line":152,"column":36}},"74":{"start":{"line":156,"column":4},"end":{"line":158,"column":5}},"75":{"start":{"line":157,"column":6},"end":{"line":157,"column":59}},"76":{"start":{"line":159,"column":4},"end":{"line":161,"column":5}},"77":{"start":{"line":160,"column":6},"end":{"line":160,"column":67}},"78":{"start":{"line":162,"column":4},"end":{"line":164,"column":5}},"79":{"start":{"line":163,"column":6},"end":{"line":163,"column":66}},"80":{"start":{"line":165,"column":4},"end":{"line":167,"column":5}},"81":{"start":{"line":166,"column":6},"end":{"line":166,"column":59}},"82":{"start":{"line":169,"column":4},"end":{"line":169,"column":18}},"83":{"start":{"line":172,"column":24},"end":{"line":213,"column":3}},"84":{"start":{"line":173,"column":17},"end":{"line":173,"column":61}},"85":{"start":{"line":175,"column":4},"end":{"line":212,"column":6}},"86":{"start":{"line":178,"column":23},"end":{"line":178,"column":47}},"87":{"start":{"line":204,"column":12},"end":{"line":204,"column":32}},"88":{"start":{"line":205,"column":12},"end":{"line":205,"column":35}},"89":{"start":{"line":215,"column":30},"end":{"line":219,"column":3}},"90":{"start":{"line":216,"column":4},"end":{"line":218,"column":11}},"91":{"start":{"line":221,"column":2},"end":{"line":228,"column":3}},"92":{"start":{"line":222,"column":4},"end":{"line":227,"column":6}},"93":{"start":{"line":230,"column":26},"end":{"line":230,"column":55}},"94":{"start":{"line":231,"column":19},"end":{"line":234,"column":4}},"95":{"start":{"line":231,"column":52},"end":{"line":234,"column":3}},"96":{"start":{"line":233,"column":30},"end":{"line":233,"column":63}},"97":{"start":{"line":236,"column":2},"end":{"line":276,"column":4}},"98":{"start":{"line":241,"column":10},"end":{"line":241,"column":88}},"99":{"start":{"line":244,"column":10},"end":{"line":246,"column":11}},"100":{"start":{"line":245,"column":12},"end":{"line":245,"column":62}},"101":{"start":{"line":247,"column":10},"end":{"line":247,"column":55}},"102":{"start":{"line":272,"column":23},"end":{"line":272,"column":45}},"103":{"start":{"line":279,"column":15},"end":{"line":400,"column":2}}},"fnMap":{"0":{"name":"(anonymous_0)","decl":{"start":{"line":28,"column":63},"end":{"line":28,"column":64}},"loc":{"start":{"line":30,"column":6},"end":{"line":277,"column":1}},"line":30},"1":{"name":"(anonymous_1)","decl":{"start":{"line":37,"column":12},"end":{"line":37,"column":13}},"loc":{"start":{"line":37,"column":18},"end":{"line":39,"column":3}},"line":37},"2":{"name":"(anonymous_2)","decl":{"start":{"line":41,"column":23},"end":{"line":41,"column":24}},"loc":{"start":{"line":41,"column":35},"end":{"line":52,"column":3}},"line":41},"3":{"name":"(anonymous_3)","decl":{"start":{"line":54,"column":24},"end":{"line":54,"column":25}},"loc":{"start":{"line":54,"column":36},"end":{"line":58,"column":3}},"line":54},"4":{"name":"(anonymous_4)","decl":{"start":{"line":60,"column":29},"end":{"line":60,"column":30}},"loc":{"start":{"line":60,"column":62},"end":{"line":82,"column":3}},"line":60},"5":{"name":"(anonymous_5)","decl":{"start":{"line":67,"column":33},"end":{"line":67,"column":34}},"loc":{"start":{"line":68,"column":10},"end":{"line":68,"column":58}},"line":68},"6":{"name":"(anonymous_6)","decl":{"start":{"line":72,"column":44},"end":{"line":72,"column":45}},"loc":{"start":{"line":72,"column":49},"end":{"line":72,"column":58}},"line":72},"7":{"name":"(anonymous_7)","decl":{"start":{"line":84,"column":24},"end":{"line":84,"column":25}},"loc":{"start":{"line":84,"column":53},"end":{"line":100,"column":3}},"line":84},"8":{"name":"(anonymous_8)","decl":{"start":{"line":89,"column":34},"end":{"line":89,"column":35}},"loc":{"start":{"line":89,"column":39},"end":{"line":89,"column":57}},"line":89},"9":{"name":"(anonymous_9)","decl":{"start":{"line":92,"column":36},"end":{"line":92,"column":37}},"loc":{"start":{"line":92,"column":41},"end":{"line":92,"column":59}},"line":92},"10":{"name":"(anonymous_10)","decl":{"start":{"line":94,"column":44},"end":{"line":94,"column":45}},"loc":{"start":{"line":94,"column":49},"end":{"line":94,"column":80}},"line":94},"11":{"name":"(anonymous_11)","decl":{"start":{"line":102,"column":31},"end":{"line":102,"column":32}},"loc":{"start":{"line":106,"column":7},"end":{"line":123,"column":3}},"line":106},"12":{"name":"(anonymous_12)","decl":{"start":{"line":125,"column":30},"end":{"line":125,"column":31}},"loc":{"start":{"line":125,"column":60},"end":{"line":170,"column":3}},"line":125},"13":{"name":"(anonymous_13)","decl":{"start":{"line":141,"column":21},"end":{"line":141,"column":22}},"loc":{"start":{"line":141,"column":32},"end":{"line":154,"column":5}},"line":141},"14":{"name":"(anonymous_14)","decl":{"start":{"line":172,"column":24},"end":{"line":172,"column":25}},"loc":{"start":{"line":172,"column":62},"end":{"line":213,"column":3}},"line":172},"15":{"name":"(anonymous_15)","decl":{"start":{"line":178,"column":17},"end":{"line":178,"column":18}},"loc":{"start":{"line":178,"column":23},"end":{"line":178,"column":47}},"line":178},"16":{"name":"(anonymous_16)","decl":{"start":{"line":203,"column":19},"end":{"line":203,"column":20}},"loc":{"start":{"line":203,"column":26},"end":{"line":206,"column":11}},"line":203},"17":{"name":"(anonymous_17)","decl":{"start":{"line":215,"column":30},"end":{"line":215,"column":31}},"loc":{"start":{"line":216,"column":4},"end":{"line":218,"column":11}},"line":216},"18":{"name":"(anonymous_18)","decl":{"start":{"line":231,"column":43},"end":{"line":231,"column":44}},"loc":{"start":{"line":231,"column":52},"end":{"line":234,"column":3}},"line":231},"19":{"name":"(anonymous_19)","decl":{"start":{"line":233,"column":22},"end":{"line":233,"column":23}},"loc":{"start":{"line":233,"column":30},"end":{"line":233,"column":63}},"line":233},"20":{"name":"(anonymous_20)","decl":{"start":{"line":240,"column":22},"end":{"line":240,"column":23}},"loc":{"start":{"line":241,"column":10},"end":{"line":241,"column":88}},"line":241},"21":{"name":"(anonymous_21)","decl":{"start":{"line":243,"column":20},"end":{"line":243,"column":21}},"loc":{"start":{"line":243,"column":34},"end":{"line":248,"column":9}},"line":243},"22":{"name":"(anonymous_22)","decl":{"start":{"line":272,"column":17},"end":{"line":272,"column":18}},"loc":{"start":{"line":272,"column":23},"end":{"line":272,"column":45}},"line":272}},"branchMap":{"0":{"loc":{"start":{"line":62,"column":4},"end":{"line":77,"column":5}},"type":"if","locations":[{"start":{"line":62,"column":4},"end":{"line":77,"column":5}},{"start":{},"end":{}}],"line":62},"1":{"loc":{"start":{"line":68,"column":10},"end":{"line":68,"column":58}},"type":"cond-expr","locations":[{"start":{"line":68,"column":32},"end":{"line":68,"column":54}},{"start":{"line":68,"column":57},"end":{"line":68,"column":58}}],"line":68},"2":{"loc":{"start":{"line":93,"column":6},"end":{"line":96,"column":7}},"type":"if","locations":[{"start":{"line":93,"column":6},"end":{"line":96,"column":7}},{"start":{},"end":{}}],"line":93},"3":{"loc":{"start":{"line":93,"column":10},"end":{"line":93,"column":36}},"type":"binary-expr","locations":[{"start":{"line":93,"column":10},"end":{"line":93,"column":17}},{"start":{"line":93,"column":21},"end":{"line":93,"column":36}}],"line":93},"4":{"loc":{"start":{"line":94,"column":49},"end":{"line":94,"column":80}},"type":"binary-expr","locations":[{"start":{"line":94,"column":49},"end":{"line":94,"column":58}},{"start":{"line":94,"column":62},"end":{"line":94,"column":80}}],"line":94},"5":{"loc":{"start":{"line":107,"column":4},"end":{"line":107,"column":33}},"type":"if","locations":[{"start":{"line":107,"column":4},"end":{"line":107,"column":33}},{"start":{},"end":{}}],"line":107},"6":{"loc":{"start":{"line":145,"column":6},"end":{"line":153,"column":7}},"type":"if","locations":[{"start":{"line":145,"column":6},"end":{"line":153,"column":7}},{"start":{"line":147,"column":13},"end":{"line":153,"column":7}}],"line":145},"7":{"loc":{"start":{"line":147,"column":13},"end":{"line":153,"column":7}},"type":"if","locations":[{"start":{"line":147,"column":13},"end":{"line":153,"column":7}},{"start":{"line":149,"column":13},"end":{"line":153,"column":7}}],"line":147},"8":{"loc":{"start":{"line":149,"column":13},"end":{"line":153,"column":7}},"type":"if","locations":[{"start":{"line":149,"column":13},"end":{"line":153,"column":7}},{"start":{"line":151,"column":13},"end":{"line":153,"column":7}}],"line":149},"9":{"loc":{"start":{"line":156,"column":4},"end":{"line":158,"column":5}},"type":"if","locations":[{"start":{"line":156,"column":4},"end":{"line":158,"column":5}},{"start":{},"end":{}}],"line":156},"10":{"loc":{"start":{"line":159,"column":4},"end":{"line":161,"column":5}},"type":"if","locations":[{"start":{"line":159,"column":4},"end":{"line":161,"column":5}},{"start":{},"end":{}}],"line":159},"11":{"loc":{"start":{"line":162,"column":4},"end":{"line":164,"column":5}},"type":"if","locations":[{"start":{"line":162,"column":4},"end":{"line":164,"column":5}},{"start":{},"end":{}}],"line":162},"12":{"loc":{"start":{"line":165,"column":4},"end":{"line":167,"column":5}},"type":"if","locations":[{"start":{"line":165,"column":4},"end":{"line":167,"column":5}},{"start":{},"end":{}}],"line":165},"13":{"loc":{"start":{"line":173,"column":17},"end":{"line":173,"column":61}},"type":"binary-expr","locations":[{"start":{"line":173,"column":17},"end":{"line":173,"column":53}},{"start":{"line":173,"column":57},"end":{"line":173,"column":61}}],"line":173},"14":{"loc":{"start":{"line":177,"column":36},"end":{"line":177,"column":76}},"type":"binary-expr","locations":[{"start":{"line":177,"column":36},"end":{"line":177,"column":48}},{"start":{"line":177,"column":52},"end":{"line":177,"column":76}}],"line":177},"15":{"loc":{"start":{"line":183,"column":11},"end":{"line":183,"column":60}},"type":"binary-expr","locations":[{"start":{"line":183,"column":11},"end":{"line":183,"column":23}},{"start":{"line":183,"column":27},"end":{"line":183,"column":60}}],"line":183},"16":{"loc":{"start":{"line":187,"column":11},"end":{"line":191,"column":11}},"type":"binary-expr","locations":[{"start":{"line":187,"column":11},"end":{"line":187,"column":23}},{"start":{"line":188,"column":12},"end":{"line":190,"column":19}}],"line":187},"17":{"loc":{"start":{"line":188,"column":49},"end":{"line":188,"column":92}},"type":"binary-expr","locations":[{"start":{"line":188,"column":49},"end":{"line":188,"column":61}},{"start":{"line":188,"column":65},"end":{"line":188,"column":92}}],"line":188},"18":{"loc":{"start":{"line":193,"column":40},"end":{"line":193,"column":80}},"type":"binary-expr","locations":[{"start":{"line":193,"column":40},"end":{"line":193,"column":52}},{"start":{"line":193,"column":56},"end":{"line":193,"column":80}}],"line":193},"19":{"loc":{"start":{"line":221,"column":2},"end":{"line":228,"column":3}},"type":"if","locations":[{"start":{"line":221,"column":2},"end":{"line":228,"column":3}},{"start":{},"end":{}}],"line":221},"20":{"loc":{"start":{"line":241,"column":10},"end":{"line":241,"column":88}},"type":"cond-expr","locations":[{"start":{"line":241,"column":35},"end":{"line":241,"column":57}},{"start":{"line":241,"column":60},"end":{"line":241,"column":88}}],"line":241},"21":{"loc":{"start":{"line":244,"column":10},"end":{"line":246,"column":11}},"type":"if","locations":[{"start":{"line":244,"column":10},"end":{"line":246,"column":11}},{"start":{},"end":{}}],"line":244}},"s":{"0":0,"1":0,"2":0,"3":0,"4":0,"5":0,"6":0,"7":0,"8":0,"9":0,"10":0,"11":0,"12":0,"13":0,"14":0,"15":0,"16":0,"17":0,"18":0,"19":0,"20":0,"21":0,"22":0,"23":0,"24":0,"25":0,"26":0,"27":0,"28":0,"29":0,"30":0,"31":0,"32":0,"33":0,"34":0,"35":0,"36":0,"37":0,"38":0,"39":0,"40":0,"41":0,"42":0,"43":0,"44":0,"45":0,"46":0,"47":0,"48":0,"49":0,"50":0,"51":0,"52":0,"53":0,"54":0,"55":0,"56":0,"57":0,"58":0,"59":0,"60":0,"61":0,"62":0,"63":0,"64":0,"65":0,"66":0,"67":0,"68":0,"69":0,"70":0,"71":0,"72":0,"73":0,"74":0,"75":0,"76":0,"77":0,"78":0,"79":0,"80":0,"81":0,"82":0,"83":0,"84":0,"85":0,"86":0,"87":0,"88":0,"89":0,"90":0,"91":0,"92":0,"93":0,"94":0,"95":0,"96":0,"97":0,"98":0,"99":0,"100":0,"101":0,"102":0,"103":0},"f":{"0":0,"1":0,"2":0,"3":0,"4":0,"5":0,"6":0,"7":0,"8":0,"9":0,"10":0,"11":0,"12":0,"13":0,"14":0,"15":0,"16":0,"17":0,"18":0,"19":0,"20":0,"21":0,"22":0},"b":{"0":[0,0],"1":[0,0],"2":[0,0],"3":[0,0],"4":[0,0],"5":[0,0],"6":[0,0],"7":[0,0],"8":[0,0],"9":[0,0],"10":[0,0],"11":[0,0],"12":[0,0],"13":[0,0],"14":[0,0],"15":[0,0],"16":[0,0],"17":[0,0],"18":[0,0],"19":[0,0],"20":[0,0],"21":[0,0]}}
,"/Users/matthew/Desktop/Feb26/ora-ai/src/components/community/MessageResponseModal.tsx": {"path":"/Users/matthew/Desktop/Feb26/ora-ai/src/components/community/MessageResponseModal.tsx","statementMap":{"0":{"start":{"line":25,"column":73},"end":{"line":187,"column":1}},"1":{"start":{"line":31,"column":42},"end":{"line":31,"column":54}},"2":{"start":{"line":32,"column":38},"end":{"line":32,"column":53}},"3":{"start":{"line":33,"column":40},"end":{"line":33,"column":55}},"4":{"start":{"line":34,"column":42},"end":{"line":34,"column":57}},"5":{"start":{"line":36,"column":25},"end":{"line":36,"column":28}},"6":{"start":{"line":37,"column":25},"end":{"line":37,"column":61}},"7":{"start":{"line":39,"column":23},"end":{"line":56,"column":3}},"8":{"start":{"line":40,"column":4},"end":{"line":40,"column":53}},"9":{"start":{"line":40,"column":46},"end":{"line":40,"column":53}},"10":{"start":{"line":42,"column":4},"end":{"line":55,"column":5}},"11":{"start":{"line":43,"column":6},"end":{"line":43,"column":28}},"12":{"start":{"line":44,"column":6},"end":{"line":44,"column":60}},"13":{"start":{"line":47,"column":6},"end":{"line":47,"column":26}},"14":{"start":{"line":48,"column":6},"end":{"line":48,"column":27}},"15":{"start":{"line":49,"column":6},"end":{"line":49,"column":28}},"16":{"start":{"line":50,"column":6},"end":{"line":50,"column":16}},"17":{"start":{"line":52,"column":6},"end":{"line":52,"column":57}},"18":{"start":{"line":54,"column":6},"end":{"line":54,"column":29}},"19":{"start":{"line":58,"column":22},"end":{"line":65,"column":3}},"20":{"start":{"line":59,"column":4},"end":{"line":64,"column":5}},"21":{"start":{"line":60,"column":6},"end":{"line":60,"column":26}},"22":{"start":{"line":61,"column":6},"end":{"line":61,"column":27}},"23":{"start":{"line":62,"column":6},"end":{"line":62,"column":28}},"24":{"start":{"line":63,"column":6},"end":{"line":63,"column":16}},"25":{"start":{"line":67,"column":2},"end":{"line":67,"column":28}},"26":{"start":{"line":67,"column":16},"end":{"line":67,"column":28}},"27":{"start":{"line":69,"column":2},"end":{"line":186,"column":4}},"28":{"start":{"line":189,"column":15},"end":{"line":320,"column":2}}},"fnMap":{"0":{"name":"(anonymous_0)","decl":{"start":{"line":25,"column":73},"end":{"line":25,"column":74}},"loc":{"start":{"line":30,"column":6},"end":{"line":187,"column":1}},"line":30},"1":{"name":"(anonymous_1)","decl":{"start":{"line":39,"column":23},"end":{"line":39,"column":24}},"loc":{"start":{"line":39,"column":35},"end":{"line":56,"column":3}},"line":39},"2":{"name":"(anonymous_2)","decl":{"start":{"line":58,"column":22},"end":{"line":58,"column":23}},"loc":{"start":{"line":58,"column":28},"end":{"line":65,"column":3}},"line":58}},"branchMap":{"0":{"loc":{"start":{"line":40,"column":4},"end":{"line":40,"column":53}},"type":"if","locations":[{"start":{"line":40,"column":4},"end":{"line":40,"column":53}},{"start":{},"end":{}}],"line":40},"1":{"loc":{"start":{"line":40,"column":8},"end":{"line":40,"column":44}},"type":"binary-expr","locations":[{"start":{"line":40,"column":8},"end":{"line":40,"column":28}},{"start":{"line":40,"column":32},"end":{"line":40,"column":44}}],"line":40},"2":{"loc":{"start":{"line":59,"column":4},"end":{"line":64,"column":5}},"type":"if","locations":[{"start":{"line":59,"column":4},"end":{"line":64,"column":5}},{"start":{},"end":{}}],"line":59},"3":{"loc":{"start":{"line":67,"column":2},"end":{"line":67,"column":28}},"type":"if","locations":[{"start":{"line":67,"column":2},"end":{"line":67,"column":28}},{"start":{},"end":{}}],"line":67},"4":{"loc":{"start":{"line":77,"column":18},"end":{"line":77,"column":62}},"type":"cond-expr","locations":[{"start":{"line":77,"column":42},"end":{"line":77,"column":51}},{"start":{"line":77,"column":54},"end":{"line":77,"column":62}}],"line":77},"5":{"loc":{"start":{"line":95,"column":13},"end":{"line":97,"column":13}},"type":"binary-expr","locations":[{"start":{"line":95,"column":13},"end":{"line":95,"column":28}},{"start":{"line":96,"column":14},"end":{"line":96,"column":74}}],"line":95},"6":{"loc":{"start":{"line":117,"column":16},"end":{"line":117,"column":67}},"type":"binary-expr","locations":[{"start":{"line":117,"column":16},"end":{"line":117,"column":35}},{"start":{"line":117,"column":39},"end":{"line":117,"column":67}}],"line":117},"7":{"loc":{"start":{"line":144,"column":11},"end":{"line":162,"column":11}},"type":"binary-expr","locations":[{"start":{"line":144,"column":11},"end":{"line":144,"column":21}},{"start":{"line":145,"column":12},"end":{"line":161,"column":19}}],"line":144},"8":{"loc":{"start":{"line":170,"column":14},"end":{"line":170,"column":83}},"type":"binary-expr","locations":[{"start":{"line":170,"column":15},"end":{"line":170,"column":35}},{"start":{"line":170,"column":39},"end":{"line":170,"column":51}},{"start":{"line":170,"column":56},"end":{"line":170,"column":83}}],"line":170},"9":{"loc":{"start":{"line":173,"column":22},"end":{"line":173,"column":58}},"type":"binary-expr","locations":[{"start":{"line":173,"column":22},"end":{"line":173,"column":42}},{"start":{"line":173,"column":46},"end":{"line":173,"column":58}}],"line":173},"10":{"loc":{"start":{"line":175,"column":13},"end":{"line":181,"column":13}},"type":"cond-expr","locations":[{"start":{"line":176,"column":14},"end":{"line":176,"column":62}},{"start":{"line":178,"column":14},"end":{"line":180,"column":21}}],"line":175},"11":{"loc":{"start":{"line":179,"column":17},"end":{"line":179,"column":65}},"type":"cond-expr","locations":[{"start":{"line":179,"column":30},"end":{"line":179,"column":45}},{"start":{"line":179,"column":48},"end":{"line":179,"column":65}}],"line":179}},"s":{"0":0,"1":0,"2":0,"3":0,"4":0,"5":0,"6":0,"7":0,"8":0,"9":0,"10":0,"11":0,"12":0,"13":0,"14":0,"15":0,"16":0,"17":0,"18":0,"19":0,"20":0,"21":0,"22":0,"23":0,"24":0,"25":0,"26":0,"27":0,"28":0},"f":{"0":0,"1":0,"2":0},"b":{"0":[0,0],"1":[0,0],"2":[0,0],"3":[0,0],"4":[0,0],"5":[0,0],"6":[0,0],"7":[0,0],"8":[0,0,0],"9":[0,0],"10":[0,0],"11":[0,0]}}
[...]
:{"line":40,"column":65}},"15":{"start":{"line":44,"column":4},"end":{"line":44,"column":63}},"16":{"start":{"line":48,"column":4},"end":{"line":48,"column":58}},"17":{"start":{"line":56,"column":21},"end":{"line":59,"column":5}},"18":{"start":{"line":60,"column":4},"end":{"line":60,"column":28}},"19":{"start":{"line":64,"column":21},"end":{"line":64,"column":104}},"20":{"start":{"line":65,"column":4},"end":{"line":65,"column":29}},"21":{"start":{"line":69,"column":4},"end":{"line":69,"column":80}},"22":{"start":{"line":74,"column":4},"end":{"line":74,"column":73}},"23":{"start":{"line":78,"column":4},"end":{"line":80,"column":6}},"24":{"start":{"line":84,"column":28},"end":{"line":84,"column":46}}},"fnMap":{"0":{"name":"(anonymous_0)","decl":{"start":{"line":6,"column":2},"end":{"line":6,"column":3}},"loc":{"start":{"line":13,"column":29},"end":{"line":16,"column":3}},"line":13},"1":{"name":"(anonymous_1)","decl":{"start":{"line":18,"column":2},"end":{"line":18,"column":3}},"loc":{"start":{"line":22,"column":31},"end":{"line":33,"column":3}},"line":22},"2":{"name":"(anonymous_2)","decl":{"start":{"line":35,"column":2},"end":{"line":35,"column":3}},"loc":{"start":{"line":35,"column":56},"end":{"line":37,"column":3}},"line":35},"3":{"name":"(anonymous_3)","decl":{"start":{"line":39,"column":2},"end":{"line":39,"column":3}},"loc":{"start":{"line":39,"column":82},"end":{"line":41,"column":3}},"line":39},"4":{"name":"(anonymous_4)","decl":{"start":{"line":43,"column":2},"end":{"line":43,"column":3}},"loc":{"start":{"line":43,"column":66},"end":{"line":45,"column":3}},"line":43},"5":{"name":"(anonymous_5)","decl":{"start":{"line":47,"column":2},"end":{"line":47,"column":3}},"loc":{"start":{"line":47,"column":50},"end":{"line":49,"column":3}},"line":47},"6":{"name":"(anonymous_6)","decl":{"start":{"line":52,"column":2},"end":{"line":52,"column":3}},"loc":{"start":{"line":55,"column":23},"end":{"line":61,"column":3}},"line":55},"7":{"name":"(anonymous_7)","decl":{"start":{"line":63,"column":2},"end":{"line":63,"column":3}},"loc":{"start":{"line":63,"column":56},"end":{"line":66,"column":3}},"line":63},"8":{"name":"(anonymous_8)","decl":{"start":{"line":68,"column":2},"end":{"line":68,"column":3}},"loc":{"start":{"line":68,"column":72},"end":{"line":70,"column":3}},"line":68},"9":{"name":"(anonymous_9)","decl":{"start":{"line":73,"column":2},"end":{"line":73,"column":3}},"loc":{"start":{"line":73,"column":55},"end":{"line":75,"column":3}},"line":73},"10":{"name":"(anonymous_10)","decl":{"start":{"line":77,"column":2},"end":{"line":77,"column":3}},"loc":{"start":{"line":77,"column":71},"end":{"line":81,"column":3}},"line":77}},"branchMap":{"0":{"loc":{"start":{"line":24,"column":4},"end":{"line":24,"column":73}},"type":"if","locations":[{"start":{"line":24,"column":4},"end":{"line":24,"column":73}},{"start":{},"end":{}}],"line":24},"1":{"loc":{"start":{"line":25,"column":4},"end":{"line":25,"column":76}},"type":"if","locations":[{"start":{"line":25,"column":4},"end":{"line":25,"column":76}},{"start":{},"end":{}}],"line":25},"2":{"loc":{"start":{"line":26,"column":4},"end":{"line":26,"column":71}},"type":"if","locations":[{"start":{"line":26,"column":4},"end":{"line":26,"column":71}},{"start":{},"end":{}}],"line":26},"3":{"loc":{"start":{"line":29,"column":40},"end":{"line":29,"column":64}},"type":"cond-expr","locations":[{"start":{"line":29,"column":48},"end":{"line":29,"column":59}},{"start":{"line":29,"column":62},"end":{"line":29,"column":64}}],"line":29}},"s":{"0":0,"1":0,"2":0,"3":0,"4":0,"5":0,"6":0,"7":0,"8":0,"9":0,"10":0,"11":0,"12":0,"13":0,"14":0,"15":0,"16":0,"17":0,"18":0,"19":0,"20":0,"21":0,"22":0,"23":0,"24":0},"f":{"0":0,"1":0,"2":0,"3":0,"4":0,"5":0,"6":0,"7":0,"8":0,"9":0,"10":0},"b":{"0":[0,0],"1":[0,0],"2":[0,0],"3":[0,0]}}
,"/Users/matthew/Desktop/Feb26/ora-ai/src/services/api/inboxAPI.ts": {"path":"/Users/matthew/Desktop/Feb26/ora-ai/src/services/api/inboxAPI.ts","statementMap":{"0":{"start":{"line":10,"column":24},"end":{"line":14,"column":6}},"1":{"start":{"line":16,"column":4},"end":{"line":16,"column":70}},"2":{"start":{"line":20,"column":4},"end":{"line":20,"column":67}},"3":{"start":{"line":24,"column":4},"end":{"line":24,"column":70}},"4":{"start":{"line":33,"column":4},"end":{"line":37,"column":7}},"5":{"start":{"line":41,"column":21},"end":{"line":41,"column":82}},"6":{"start":{"line":42,"column":4},"end":{"line":42,"column":26}},"7":{"start":{"line":46,"column":4},"end":{"line":46,"column":55}},"8":{"start":{"line":50,"column":24},"end":{"line":50,"column":38}}},"fnMap":{"0":{"name":"(anonymous_0)","decl":{"start":{"line":5,"column":2},"end":{"line":5,"column":3}},"loc":{"start":{"line":9,"column":84},"end":{"line":17,"column":3}},"line":9},"1":{"name":"(anonymous_1)","decl":{"start":{"line":19,"column":2},"end":{"line":19,"column":3}},"loc":{"start":{"line":19,"column":69},"end":{"line":21,"column":3}},"line":19},"2":{"name":"(anonymous_2)","decl":{"start":{"line":23,"column":2},"end":{"line":23,"column":3}},"loc":{"start":{"line":23,"column":73},"end":{"line":25,"column":3}},"line":23},"3":{"name":"(anonymous_3)","decl":{"start":{"line":27,"column":2},"end":{"line":27,"column":3}},"loc":{"start":{"line":32,"column":52},"end":{"line":38,"column":3}},"line":32},"4":{"name":"(anonymous_4)","decl":{"start":{"line":40,"column":2},"end":{"line":40,"column":3}},"loc":{"start":{"line":40,"column":42},"end":{"line":43,"column":3}},"line":40},"5":{"name":"(anonymous_5)","decl":{"start":{"line":45,"column":2},"end":{"line":45,"column":3}},"loc":{"start":{"line":45,"column":67},"end":{"line":47,"column":3}},"line":45}},"branchMap":{"0":{"loc":{"start":{"line":6,"column":4},"end":{"line":6,"column":31}},"type":"default-arg","locations":[{"start":{"line":6,"column":26},"end":{"line":6,"column":31}}],"line":6},"1":{"loc":{"start":{"line":7,"column":4},"end":{"line":7,"column":22}},"type":"default-arg","locations":[{"start":{"line":7,"column":20},"end":{"line":7,"column":22}}],"line":7},"2":{"loc":{"start":{"line":8,"column":4},"end":{"line":8,"column":22}},"type":"default-arg","locations":[{"start":{"line":8,"column":21},"end":{"line":8,"column":22}}],"line":8},"3":{"loc":{"start":{"line":30,"column":4},"end":{"line":30,"column":31}},"type":"default-arg","locations":[{"start":{"line":30,"column":26},"end":{"line":30,"column":31}}],"line":30},"4":{"loc":{"start":{"line":31,"column":4},"end":{"line":31,"column":32}},"type":"default-arg","locations":[{"start":{"line":31,"column":27},"end":{"line":31,"column":32}}],"line":31}},"s":{"0":0,"1":0,"2":0,"3":0,"4":0,"5":0,"6":0,"7":0,"8":0},"f":{"0":0,"1":0,"2":0,"3":0,"4":0,"5":0},"b":{"0":[0],"1":[0],"2":[0],"3":[0],"4":[0]}}
,"/Users/matthew/Desktop/Feb26/ora-ai/src/services/api/journalAPI.ts": {"path":"/Users/matthew/Desktop/Feb26/ora-ai/src/services/api/journalAPI.ts","statementMap":{"0":{"start":{"line":12,"column":4},"end":{"line":12,"column":67}},"1":{"start":{"line":20,"column":24},"end":{"line":20,"column":45}},"2":{"start":{"line":21,"column":4},"end":{"line":21,"column":73}},"3":{"start":{"line":21,"column":23},"end":{"line":21,"column":73}},"4":{"start":{"line":22,"column":4},"end":{"line":22,"column":74}},"5":{"start":{"line":22,"column":27},"end":{"line":22,"column":74}},"6":{"start":{"line":23,"column":4},"end":{"line":23,"column":68}},"7":{"start":{"line":23,"column":25},"end":{"line":23,"column":68}},"8":{"start":{"line":25,"column":18},"end":{"line":25,"column":40}},"9":{"start":{"line":26,"column":21},"end":{"line":26,"column":66}},"10":{"start":{"line":28,"column":4},"end":{"line":28,"column":51}},"11":{"start":{"line":32,"column":4},"end":{"line":32,"column":70}},"12":{"start":{"line":39,"column":4},"end":{"line":39,"column":79}},"13":{"start":{"line":43,"column":4},"end":{"line":43,"column":65}},"14":{"start":{"line":47,"column":26},"end":{"line":47,"column":42}}},"fnMap":{"0":{"name":"(anonymous_0)","decl":{"start":{"line":5,"column":2},"end":{"line":5,"column":3}},"loc":{"start":{"line":11,"column":28},"end":{"line":13,"column":3}},"line":11},"1":{"name":"(anonymous_1)","decl":{"start":{"line":15,"column":2},"end":{"line":15,"column":3}},"loc":{"start":{"line":19,"column":30},"end":{"line":29,"column":3}},"line":19},"2":{"name":"(anonymous_2)","decl":{"start":{"line":31,"column":2},"end":{"line":31,"column":3}},"loc":{"start":{"line":31,"column":57},"end":{"line":33,"column":3}},"line":31},"3":{"name":"(anonymous_3)","decl":{"start":{"line":35,"column":2},"end":{"line":35,"column":3}},"loc":{"start":{"line":38,"column":27},"end":{"line":40,"column":3}},"line":38},"4":{"name":"(anonymous_4)","decl":{"start":{"line":42,"column":2},"end":{"line":42,"column":3}},"loc":{"start":{"line":42,"column":52},"end":{"line":44,"column":3}},"line":42}},"branchMap":{"0":{"loc":{"start":{"line":21,"column":4},"end":{"line":21,"column":73}},"type":"if","locations":[{"start":{"line":21,"column":4},"end":{"line":21,"column":73}},{"start":{},"end":{}}],"line":21},"1":{"loc":{"start":{"line":22,"column":4},"end":{"line":22,"column":74}},"type":"if","locations":[{"start":{"line":22,"column":4},"end":{"line":22,"column":74}},{"start":{},"end":{}}],"line":22},"2":{"loc":{"start":{"line":23,"column":4},"end":{"line":23,"column":68}},"type":"if","locations":[{"start":{"line":23,"column":4},"end":{"line":23,"column":68}},{"start":{},"end":{}}],"line":23},"3":{"loc":{"start":{"line":26,"column":40},"end":{"line":26,"column":64}},"type":"cond-expr","locations":[{"start":{"line":26,"column":48},"end":{"line":26,"column":59}},{"start":{"line":26,"column":62},"end":{"line":26,"column":64}}],"line":26}},"s":{"0":3,"1":4,"2":4,"3":2,"4":4,"5":2,"6":4,"7":2,"8":4,"9":4,"10":4,"11":2,"12":3,"13":3,"14":1},"f":{"0":3,"1":4,"2":2,"3":3,"4":3},"b":{"0":[2,2],"1":[2,2],"2":[2,2],"3":[3,1]},"_coverageSchema":"1a1c01bbd47fc00a2c39e90264f33305004495a9","hash":"fd7de752f4dff3b674f247485ef897725879e3ec"}
,"/Users/matthew/Desktop/Feb26/ora-ai/src/services/api/mockAuth.ts": {"path":"/Users/matthew/Desktop/Feb26/ora-ai/src/services/api/mockAuth.ts","statementMap":{"0":{"start":{"line":6,"column":24},"end":{"line":56,"column":1}},"1":{"start":{"line":9,"column":22},"end":{"line":9,"column":42}},"2":{"start":{"line":10,"column":25},"end":{"line":10,"column":34}},"3":{"start":{"line":11,"column":20},"end":{"line":11,"column":42}},"4":{"start":{"line":13,"column":4},"end":{"line":54,"column":5}},"5":{"start":{"line":15,"column":23},"end":{"line":24,"column":8}},"6":{"start":{"line":26,"column":6},"end":{"line":30,"column":7}},"7":{"start":{"line":27,"column":21},"end":{"line":27,"column":42}},"8":{"start":{"line":28,"column":8},"end":{"line":28,"column":57}},"9":{"start":{"line":29,"column":8},"end":{"line":29,"column":26}},"10":{"start":{"line":33,"column":29},"end":{"line":42,"column":8}},"11":{"start":{"line":44,"column":6},"end":{"line":48,"column":7}},"12":{"start":{"line":45,"column":21},"end":{"line":45,"column":48}},"13":{"start":{"line":46,"column":8},"end":{"line":46,"column":57}},"14":{"start":{"line":47,"column":8},"end":{"line":47,"column":26}},"15":{"start":{"line":50,"column":6},"end":{"line":50,"column":48}},"16":{"start":{"line":52,"column":6},"end":{"line":52,"column":47}},"17":{"start":{"line":53,"column":6},"end":{"line":53,"column":18}}},"fnMap":{"0":{"name":"(anonymous_0)","decl":{"start":{"line":8,"column":2},"end":{"line":8,"column":3}},"loc":{"start":{"line":8,"column":30},"end":{"line":55,"column":3}},"line":8}},"branchMap":{"0":{"loc":{"start":{"line":26,"column":6},"end":{"line":30,"column":7}},"type":"if","locations":[{"start":{"line":26,"column":6},"end":{"line":30,"column":7}},{"start":{},"end":{}}],"line":26},"1":{"loc":{"start":{"line":44,"column":6},"end":{"line":48,"column":7}},"type":"if","locations":[{"start":{"line":44,"column":6},"end":{"line":48,"column":7}},{"start":{},"end":{}}],"line":44}},"s":{"0":0,"1":0,"2":0,"3":0,"4":0,"5":0,"6":0,"7":0,"8":0,"9":0,"10":0,"11":0,"12":0,"13":0,"14":0,"15":0,"16":0,"17":0},"f":{"0":0},"b":{"0":[0,0],"1":[0,0]}}
,"/Users/matthew/Desktop/Feb26/ora-ai/src/services/api/userAPI.ts": {"path":"/Users/matthew/Desktop/Feb26/ora-ai/src/services/api/userAPI.ts","statementMap":{"0":{"start":{"line":9,"column":4},"end":{"line":9,"column":52}},"1":{"start":{"line":13,"column":4},"end":{"line":13,"column":51}},"2":{"start":{"line":17,"column":4},"end":{"line":17,"column":60}},"3":{"start":{"line":21,"column":4},"end":{"line":21,"column":44}},"4":{"start":{"line":25,"column":23},"end":{"line":25,"column":36}}},"fnMap":{"0":{"name":"(anonymous_0)","decl":{"start":{"line":5,"column":2},"end":{"line":5,"column":3}},"loc":{"start":{"line":8,"column":20},"end":{"line":10,"column":3}},"line":8},"1":{"name":"(anonymous_1)","decl":{"start":{"line":12,"column":2},"end":{"line":12,"column":3}},"loc":{"start":{"line":12,"column":47},"end":{"line":14,"column":3}},"line":12},"2":{"name":"(anonymous_2)","decl":{"start":{"line":16,"column":2},"end":{"line":16,"column":3}},"loc":{"start":{"line":16,"column":74},"end":{"line":18,"column":3}},"line":16},"3":{"name":"(anonymous_3)","decl":{"start":{"line":20,"column":2},"end":{"line":20,"column":3}},"loc":{"start":{"line":20,"column":40},"end":{"line":22,"column":3}},"line":20}},"branchMap":{},"s":{"0":0,"1":0,"2":0,"3":0,"4":0},"f":{"0":0,"1":0,"2":0,"3":0},"b":{}}
,"/Users/matthew/Desktop/Feb26/ora-ai/src/services/storage/StorageService.ts": {"path":"/Users/matthew/Desktop/Feb26/ora-ai/src/services/storage/StorageService.ts","statementMap":{"0":{"start":{"line":9,"column":26},"end":{"line":15,"column":3}},"1":{"start":{"line":19,"column":4},"end":{"line":19,"column":69}},"2":{"start":{"line":23,"column":21},"end":{"line":23,"column":63}},"3":{"start":{"line":24,"column":4},"end":{"line":24,"column":50}},"4":{"start":{"line":28,"column":4},"end":{"line":28,"column":50}},"5":{"start":{"line":33,"column":4},"end":{"line":36,"column":6}},"6":{"start":{"line":40,"column":20},"end":{"line":40,"column":70}},"7":{"start":{"line":41,"column":4},"end":{"line":41,"column":46}},"8":{"start":{"line":45,"column":20},"end":{"line":45,"column":47}},"9":{"start":{"line":46,"column":4},"end":{"line":46,"column":26}},"10":{"start":{"line":49,"column":27},"end":{"line":49,"column":46}},"11":{"start":{"line":50,"column":4},"end":{"line":50,"column":47}},"12":{"start":{"line":54,"column":4},"end":{"line":54,"column":58}},"13":{"start":{"line":59,"column":4},"end":{"line":62,"column":6}},"14":{"start":{"line":66,"column":20},"end":{"line":66,"column":73}},"15":{"start":{"line":67,"column":4},"end":{"line":67,"column":46}},"16":{"start":{"line":72,"column":4},"end":{"line":72,"column":65}},"17":{"start":{"line":76,"column":4},"end":{"line":76,"column":63}},"18":{"start":{"line":80,"column":4},"end":{"line":80,"column":59}},"19":{"start":{"line":85,"column":4},"end":{"line":85,"column":71}},"20":{"start":{"line":89,"column":4},"end":{"line":89,"column":66}},"21":{"start":{"line":94,"column":4},"end":{"line":100,"column":7}},"22":{"start":{"line":104,"column":30},"end":{"line":104,"column":50}}},"fnMap":{"0":{"name":"(anonymous_0)","decl":{"start":{"line":18,"column":2},"end":{"line":18,"column":3}},"loc":{"start":{"line":18,"column":44},"end":{"line":20,"column":3}},"line":18},"1":{"name":"(anonymous_1)","decl":{"start":{"line":22,"column":2},"end":{"line":22,"column":3}},"loc":{"start":{"line":22,"column":40},"end":{"line":25,"column":3}},"line":22},"2":{"name":"(anonymous_2)","decl":{"start":{"line":27,"column":2},"end":{"line":27,"column":3}},"loc":{"start":{"line":27,"column":35},"end":{"line":29,"column":3}},"line":27},"3":{"name":"(anonymous_3)","decl":{"start":{"line":32,"column":2},"end":{"line":32,"column":3}},"loc":{"start":{"line":32,"column":64},"end":{"line":37,"column":3}},"line":32},"4":{"name":"(anonymous_4)","decl":{"start":{"line":39,"column":2},"end":{"line":39,"column":3}},"loc":{"start":{"line":39,"column":49},"end":{"line":42,"column":3}},"line":39},"5":{"name":"(anonymous_5)","decl":{"start":{"line":44,"column":2},"end":{"line":44,"column":3}},"loc":{"start":{"line":44,"column":60},"end":{"line":51,"column":3}},"line":44},"6":{"name":"(anonymous_6)","decl":{"start":{"line":53,"column":2},"end":{"line":53,"column":3}},"loc":{"start":{"line":53,"column":42},"end":{"line":55,"column":3}},"line":53},"7":{"name":"(anonymous_7)","decl":{"start":{"line":58,"column":2},"end":{"line":58,"column":3}},"loc":{"start":{"line":58,"column":68},"end":{"line":63,"column":3}},"line":58},"8":{"name":"(anonymous_8)","decl":{"start":{"line":65,"column":2},"end":{"line":65,"column":3}},"loc":{"start":{"line":65,"column":59},"end":{"line":68,"column":3}},"line":65},"9":{"name":"(anonymous_9)","decl":{"start":{"line":71,"column":2},"end":{"line":71,"column":3}},"loc":{"start":{"line":71,"column":57},"end":{"line":73,"column":3}},"line":71},"10":{"name":"(anonymous_10)","decl":{"start":{"line":75,"column":2},"end":{"line":75,"column":3}},"loc":{"start":{"line":75,"column":50},"end":{"line":77,"column":3}},"line":75},"11":{"name":"(anonymous_11)","decl":{"start":{"line":79,"column":2},"end":{"line":79,"column":3}},"loc":{"start":{"line":79,"column":43},"end":{"line":81,"column":3}},"line":79},"12":{"name":"(anonymous_12)","decl":{"start":{"line":84,"column":2},"end":{"line":84,"column":3}},"loc":{"start":{"line":84,"column":63},"end":{"line":86,"column":3}},"line":84},"13":{"name":"(anonymous_13)","decl":{"start":{"line":88,"column":2},"end":{"line":88,"column":3}},"loc":{"start":{"line":88,"column":53},"end":{"line":90,"column":3}},"line":88},"14":{"name":"(anonymous_14)","decl":{"start":{"line":93,"column":2},"end":{"line":93,"column":3}},"loc":{"start":{"line":93,"column":34},"end":{"line":101,"column":3}},"line":93}},"branchMap":{"0":{"loc":{"start":{"line":24,"column":11},"end":{"line":24,"column":49}},"type":"cond-expr","locations":[{"start":{"line":24,"column":22},"end":{"line":24,"column":42}},{"start":{"line":24,"column":45},"end":{"line":24,"column":49}}],"line":24},"1":{"loc":{"start":{"line":41,"column":11},"end":{"line":41,"column":45}},"type":"cond-expr","locations":[{"start":{"line":41,"column":21},"end":{"line":41,"column":40}},{"start":{"line":41,"column":43},"end":{"line":41,"column":45}}],"line":41},"2":{"loc":{"start":{"line":67,"column":11},"end":{"line":67,"column":45}},"type":"cond-expr","locations":[{"start":{"line":67,"column":21},"end":{"line":67,"column":40}},{"start":{"line":67,"column":43},"end":{"line":67,"column":45}}],"line":67}},"s":{"0":0,"1":0,"2":0,"3":0,"4":0,"5":0,"6":0,"7":0,"8":0,"9":0,"10":0,"11":0,"12":0,"13":0,"14":0,"15":0,"16":0,"17":0,"18":0,"19":0,"20":0,"21":0,"22":0},"f":{"0":0,"1":0,"2":0,"3":0,"4":0,"5":0,"6":0,"7":0,"8":0,"9":0,"10":0,"11":0,"12":0,"13":0,"14":0},"b":{"0":[0,0],"1":[0,0],"2":[0,0]}}
,"/Users/matthew/Desktop/Feb26/ora-ai/src/theme/typography.ts": {"path":"/Users/matthew/Desktop/Feb26/ora-ai/src/theme/typography.ts","statementMap":{"0":{"start":{"line":17,"column":28},"end":{"line":50,"column":1}},"1":{"start":{"line":53,"column":26},"end":{"line":207,"column":1}},"2":{"start":{"line":210,"column":28},"end":{"line":232,"column":1}}},"fnMap":{},"branchMap":{},"s":{"0":0,"1":0,"2":0},"f":{},"b":{}}
,"/Users/matthew/Desktop/Feb26/ora-ai/src/types/behavior.ts": {"path":"/Users/matthew/Desktop/Feb26/ora-ai/src/types/behavior.ts","statementMap":{},"fnMap":{},"branchMap":{},"s":{},"f":{},"b":{}}
,"/Users/matthew/Desktop/Feb26/ora-ai/src/types/chat.ts": {"path":"/Users/matthew/Desktop/Feb26/ora-ai/src/types/chat.ts","statementMap":{},"fnMap":{},"branchMap":{},"s":{},"f":{},"b":{}}
,"/Users/matthew/Desktop/Feb26/ora-ai/src/types/community.ts": {"path":"/Users/matthew/Desktop/Feb26/ora-ai/src/types/community.ts","statementMap":{},"fnMap":{},"branchMap":{},"s":{},"f":{},"b":{}}
,"/Users/matthew/Desktop/Feb26/ora-ai/src/types/user.ts": {"path":"/Users/matthew/Desktop/Feb26/ora-ai/src/types/user.ts","statementMap":{},"fnMap":{},"branchMap":{},"s":{},"f":{},"b":{}}
}
